{"contracts/Airdrop/Airdrop.sol":{"l":{"28":0,"29":0,"30":0,"35":0,"36":0,"37":0,"42":0,"43":0,"44":0,"54":0,"57":0,"58":0,"61":0,"63":0,"65":0,"66":0,"70":0,"71":0},"path":"/Users/ajla/Thales/contracts/contracts/Airdrop/Airdrop.sol","s":{},"b":{"1":[0,0],"2":[0,0],"3":[0,0]},"f":{"1":0,"2":0,"3":0,"4":0,"5":0},"fnMap":{"1":{"name":"constructor","line":27,"loc":{"start":{"line":23,"column":4},"end":{"line":31,"column":4}}},"2":{"name":"claimed","line":34,"loc":{"start":{"line":34,"column":4},"end":{"line":38,"column":4}}},"3":{"name":"canClaim","line":41,"loc":{"start":{"line":41,"column":4},"end":{"line":45,"column":4}}},"4":{"name":"claim","line":53,"loc":{"start":{"line":49,"column":4},"end":{"line":67,"column":4}}},"5":{"name":"_selfDestruct","line":69,"loc":{"start":{"line":69,"column":4},"end":{"line":72,"column":4}}}},"statementMap":{},"branchMap":{"1":{"line":37,"type":"if","locations":[{"start":{"line":37,"column":8},"end":{"line":37,"column":8}},{"start":{"line":37,"column":8},"end":{"line":37,"column":8}}]},"2":{"line":54,"type":"if","locations":[{"start":{"line":54,"column":8},"end":{"line":54,"column":8}},{"start":{"line":54,"column":8},"end":{"line":54,"column":8}}]},"3":{"line":63,"type":"if","locations":[{"start":{"line":63,"column":8},"end":{"line":63,"column":8}},{"start":{"line":63,"column":8},"end":{"line":63,"column":8}}]}}},"contracts/Airdrop/OngoingAirdrop.sol":{"l":{"35":54,"36":54,"37":54,"38":54,"43":3,"44":3,"45":3,"46":3,"47":3,"52":8,"53":0,"55":8,"56":8,"61":8,"62":8,"63":8,"68":0,"69":0,"70":0,"81":8,"82":6,"85":6,"87":6,"90":4,"92":4,"96":1,"97":1},"path":"/Users/ajla/Thales/contracts/contracts/Airdrop/OngoingAirdrop.sol","s":{},"b":{"1":[3,0],"2":[0,8],"3":[6,2],"4":[4,2]},"f":{"1":54,"2":3,"3":8,"4":8,"5":0,"6":8,"7":1},"fnMap":{"1":{"name":"constructor","line":34,"loc":{"start":{"line":30,"column":4},"end":{"line":39,"column":4}}},"2":{"name":"setRoot","line":42,"loc":{"start":{"line":42,"column":4},"end":{"line":48,"column":4}}},"3":{"name":"setEscrow","line":51,"loc":{"start":{"line":51,"column":4},"end":{"line":57,"column":4}}},"4":{"name":"claimed","line":60,"loc":{"start":{"line":60,"column":4},"end":{"line":64,"column":4}}},"5":{"name":"canClaim","line":67,"loc":{"start":{"line":67,"column":4},"end":{"line":71,"column":4}}},"6":{"name":"claim","line":79,"loc":{"start":{"line":75,"column":4},"end":{"line":93,"column":4}}},"7":{"name":"_selfDestruct","line":95,"loc":{"start":{"line":95,"column":4},"end":{"line":98,"column":4}}}},"statementMap":{},"branchMap":{"1":{"line":43,"type":"if","locations":[{"start":{"line":43,"column":8},"end":{"line":43,"column":8}},{"start":{"line":43,"column":8},"end":{"line":43,"column":8}}]},"2":{"line":52,"type":"if","locations":[{"start":{"line":52,"column":8},"end":{"line":52,"column":8}},{"start":{"line":52,"column":8},"end":{"line":52,"column":8}}]},"3":{"line":63,"type":"if","locations":[{"start":{"line":63,"column":8},"end":{"line":63,"column":8}},{"start":{"line":63,"column":8},"end":{"line":63,"column":8}}]},"4":{"line":87,"type":"if","locations":[{"start":{"line":87,"column":8},"end":{"line":87,"column":8}},{"start":{"line":87,"column":8},"end":{"line":87,"column":8}}]}}},"contracts/AMM/DeciMath.sol":{"l":{"48":0,"49":0,"51":0,"52":0,"53":0,"57":0,"58":0,"59":0,"63":0,"64":0,"65":0,"69":0,"70":0,"71":0,"78":0,"79":0,"83":0,"84":0,"89":0,"90":0,"95":0,"96":0,"102":0,"103":0,"107":0,"108":0,"112":0,"113":0,"117":0,"118":0,"127":0,"128":0,"130":0,"132":0,"137":0,"138":0,"142":0,"144":0,"145":0,"146":0,"148":0,"157":0,"159":0,"161":0,"162":0,"163":0,"164":0,"166":0,"167":0,"168":0,"170":0,"175":0,"177":0,"179":0,"180":0,"181":0,"182":0,"184":0,"185":0,"186":0,"189":0,"194":0,"196":0,"198":0,"199":0,"200":0,"201":0,"203":0,"204":0,"205":0,"208":0,"221":0,"222":0,"223":0,"225":0,"226":0,"227":0,"230":0,"231":0,"232":0,"233":0,"237":0,"238":0,"239":0,"240":0,"243":0,"248":0,"249":0,"250":0,"251":0,"253":0,"254":0,"256":0,"257":0,"258":0,"261":0,"266":0,"267":0,"268":0,"269":0,"270":0,"273":0,"274":0,"276":0,"279":0,"280":0,"282":0,"297":0,"298":0,"302":0,"303":0,"305":0,"306":0,"308":0,"309":0,"311":0,"312":0,"314":0,"315":0,"317":0,"318":0,"320":0,"321":0,"323":0,"324":0,"326":0,"327":0,"329":0,"330":0,"332":0,"333":0,"335":0,"336":0,"338":0,"339":0,"341":0,"342":0,"346":0,"347":0,"349":0,"361":0,"362":0,"365":0,"366":0,"367":0,"373":0,"374":0,"375":0,"376":0,"378":0,"379":0,"380":0,"381":0,"383":0,"390":0,"391":0,"392":0,"393":0,"394":0,"395":0,"396":0,"397":0,"398":0,"399":0,"400":0,"401":0,"402":0,"403":0,"404":0,"405":0,"406":0,"407":0,"408":0,"409":0,"410":0,"411":0,"412":0,"413":0,"414":0,"415":0,"416":0,"417":0,"418":0,"419":0,"420":0,"421":0,"422":0,"423":0,"424":0,"425":0,"426":0,"427":0,"428":0,"429":0,"430":0,"431":0,"432":0,"433":0,"434":0,"435":0,"436":0,"437":0,"438":0,"439":0,"440":0,"441":0,"442":0,"443":0,"444":0,"445":0,"446":0,"447":0,"448":0,"449":0,"450":0,"451":0,"452":0,"453":0,"454":0,"455":0,"456":0,"457":0,"458":0,"459":0,"460":0,"461":0,"462":0,"463":0,"464":0,"465":0,"466":0,"467":0,"468":0,"469":0,"470":0,"471":0,"472":0,"473":0,"474":0,"475":0,"476":0,"477":0,"478":0,"479":0,"480":0,"481":0,"482":0,"483":0,"484":0,"485":0,"486":0,"487":0,"488":0,"489":0,"491":0,"496":0,"497":0,"498":0,"499":0,"500":0,"501":0,"502":0,"503":0,"504":0,"505":0,"506":0,"507":0,"508":0,"509":0,"510":0,"511":0,"512":0,"513":0,"514":0,"515":0,"516":0,"517":0,"518":0,"519":0,"520":0,"521":0,"522":0,"523":0,"524":0,"525":0,"526":0,"527":0,"528":0,"529":0,"530":0,"531":0,"532":0,"533":0,"534":0,"535":0,"536":0,"537":0,"538":0,"539":0,"540":0,"541":0,"542":0,"543":0,"544":0,"545":0,"546":0,"547":0,"548":0,"549":0,"550":0,"551":0,"552":0,"553":0,"554":0,"555":0,"556":0,"557":0,"558":0,"559":0,"560":0,"561":0,"562":0,"563":0,"564":0,"565":0,"566":0,"567":0,"568":0,"569":0,"570":0,"571":0,"572":0,"573":0,"574":0,"575":0,"576":0,"577":0,"578":0,"579":0,"580":0,"581":0,"582":0,"583":0,"584":0,"585":0,"586":0,"587":0,"588":0,"589":0,"590":0,"591":0,"592":0,"593":0,"594":0,"595":0,"597":0,"608":0,"609":0,"610":0,"611":0,"612":0,"613":0,"614":0,"615":0,"616":0,"617":0,"618":0,"619":0,"620":0,"621":0,"622":0,"623":0,"624":0,"625":0,"626":0,"627":0,"628":0,"629":0,"630":0,"631":0,"632":0,"633":0,"634":0,"635":0,"636":0,"637":0,"638":0,"639":0,"640":0,"641":0,"642":0,"643":0,"644":0,"645":0,"646":0,"647":0,"648":0,"649":0,"650":0,"651":0,"652":0,"653":0,"654":0,"655":0,"656":0,"657":0,"658":0,"659":0,"660":0,"661":0,"662":0,"663":0,"664":0,"665":0,"666":0,"667":0,"668":0,"669":0,"670":0,"671":0,"672":0,"673":0,"674":0,"675":0,"676":0,"677":0,"678":0,"679":0,"680":0,"681":0,"682":0,"683":0,"684":0,"685":0,"686":0,"687":0,"688":0,"689":0,"690":0,"691":0,"692":0,"693":0,"694":0,"695":0,"696":0,"697":0,"698":0,"699":0,"700":0,"701":0,"702":0,"703":0,"704":0,"705":0,"706":0,"707":0,"708":0,"709":0,"710":0,"711":0,"712":0,"713":0,"714":0,"715":0,"716":0,"717":0,"719":0,"723":0,"724":0,"725":0,"726":0,"727":0,"728":0,"729":0,"730":0,"731":0,"732":0,"733":0,"734":0,"735":0,"736":0,"737":0,"738":0,"739":0,"740":0,"741":0,"742":0,"743":0,"744":0,"745":0,"746":0,"747":0,"748":0,"749":0,"750":0,"751":0,"752":0,"753":0,"754":0,"755":0,"756":0,"757":0,"758":0,"759":0,"760":0,"761":0,"762":0,"763":0,"764":0,"765":0,"766":0,"767":0,"768":0,"769":0,"770":0,"771":0,"772":0,"773":0,"774":0,"775":0,"776":0,"777":0,"778":0,"779":0,"780":0,"781":0,"782":0,"783":0,"784":0,"785":0,"786":0,"787":0,"788":0,"789":0,"790":0,"791":0,"792":0,"793":0,"794":0,"795":0,"796":0,"797":0,"798":0,"799":0,"800":0,"801":0,"802":0,"803":0,"804":0,"805":0,"806":0,"807":0,"808":0,"809":0,"810":0,"811":0,"812":0,"813":0,"814":0,"815":0,"816":0,"817":0,"818":0,"819":0,"820":0,"821":0,"822":0,"824":0,"828":0,"829":0,"830":0,"831":0,"832":0,"833":0,"834":0,"835":0,"836":0,"837":0,"838":0,"839":0,"840":0,"841":0,"842":0,"843":0,"844":0,"845":0,"846":0,"847":0,"848":0,"849":0,"850":0,"851":0,"852":0,"853":0,"854":0,"855":0,"856":0,"857":0,"858":0,"859":0,"860":0,"861":0,"862":0,"863":0,"864":0,"865":0,"866":0,"867":0,"868":0,"869":0,"870":0,"871":0,"872":0,"873":0,"874":0,"875":0,"876":0,"877":0,"878":0,"879":0,"880":0,"881":0,"882":0,"883":0,"884":0,"885":0,"886":0,"887":0,"888":0,"889":0,"890":0,"891":0,"892":0,"893":0,"894":0,"895":0,"896":0,"897":0,"898":0,"899":0,"900":0,"901":0,"902":0,"903":0,"904":0,"905":0,"906":0,"907":0,"908":0,"909":0,"910":0,"911":0,"912":0,"913":0,"914":0,"915":0,"916":0,"917":0,"918":0,"919":0,"920":0,"921":0,"922":0,"923":0,"924":0,"925":0,"926":0,"927":0,"929":0,"933":0,"934":0,"935":0,"936":0,"937":0,"938":0,"939":0,"940":0,"941":0,"942":0,"943":0,"944":0,"945":0,"946":0,"947":0,"948":0,"949":0,"950":0,"951":0,"952":0,"953":0,"954":0,"955":0,"956":0,"957":0,"958":0,"959":0,"960":0,"961":0,"962":0,"963":0,"964":0,"965":0,"966":0,"967":0,"968":0,"969":0,"970":0,"971":0,"972":0,"973":0,"974":0,"975":0,"976":0,"977":0,"978":0,"979":0,"980":0,"981":0,"982":0,"983":0,"984":0,"985":0,"986":0,"987":0,"988":0,"989":0,"990":0,"991":0,"992":0,"993":0,"994":0,"995":0,"996":0,"997":0,"998":0,"999":0,"1000":0,"1001":0,"1002":0,"1003":0,"1004":0,"1005":0,"1006":0,"1007":0,"1008":0,"1009":0,"1010":0,"1011":0,"1012":0,"1014":0,"1020":0,"1021":0,"1025":0,"1029":0},"path":"/Users/ajla/Thales/contracts/contracts/AMM/DeciMath.sol","s":{},"b":{"1":[0,0],"2":[0,0],"3":[0,0],"4":[0,0],"5":[0,0],"6":[0,0],"7":[0,0],"8":[0,0],"9":[0,0],"10":[0,0],"11":[0,0],"12":[0,0],"13":[0,0],"14":[0,0],"15":[0,0],"16":[0,0],"17":[0,0],"18":[0,0],"19":[0,0],"20":[0,0],"21":[0,0],"22":[0,0],"23":[0,0],"24":[0,0],"25":[0,0],"26":[0,0],"27":[0,0],"28":[0,0],"29":[0,0],"30":[0,0],"31":[0,0],"32":[0,0],"33":[0,0],"34":[0,0],"35":[0,0],"36":[0,0],"37":[0,0],"38":[0,0],"39":[0,0]},"f":{"1":0,"2":0,"3":0,"4":0,"5":0,"6":0,"7":0,"8":0,"9":0,"10":0,"11":0,"12":0,"13":0,"14":0,"15":0,"16":0,"17":0,"18":0,"19":0,"20":0,"21":0,"22":0,"23":0,"24":0,"25":0,"26":0,"27":0,"28":0,"29":0,"30":0,"31":0,"32":0},"fnMap":{"1":{"name":"mul","line":47,"loc":{"start":{"line":47,"column":4},"end":{"line":54,"column":4}}},"2":{"name":"div","line":56,"loc":{"start":{"line":56,"column":4},"end":{"line":60,"column":4}}},"3":{"name":"sub","line":62,"loc":{"start":{"line":62,"column":4},"end":{"line":66,"column":4}}},"4":{"name":"add","line":68,"loc":{"start":{"line":68,"column":4},"end":{"line":72,"column":4}}},"5":{"name":"decMul18","line":77,"loc":{"start":{"line":77,"column":4},"end":{"line":80,"column":4}}},"6":{"name":"decDiv18","line":82,"loc":{"start":{"line":82,"column":4},"end":{"line":85,"column":4}}},"7":{"name":"decMul30","line":88,"loc":{"start":{"line":88,"column":4},"end":{"line":91,"column":4}}},"8":{"name":"decMul38","line":94,"loc":{"start":{"line":94,"column":4},"end":{"line":97,"column":4}}},"9":{"name":"convert38To18DP","line":101,"loc":{"start":{"line":101,"column":4},"end":{"line":104,"column":4}}},"10":{"name":"convert38To30DP","line":106,"loc":{"start":{"line":106,"column":4},"end":{"line":109,"column":4}}},"11":{"name":"convert30To20DP","line":111,"loc":{"start":{"line":111,"column":4},"end":{"line":114,"column":4}}},"12":{"name":"convert30To18DP","line":116,"loc":{"start":{"line":116,"column":4},"end":{"line":119,"column":4}}},"13":{"name":"chopAndRound","line":122,"loc":{"start":{"line":122,"column":4},"end":{"line":133,"column":4}}},"14":{"name":"floor","line":136,"loc":{"start":{"line":136,"column":4},"end":{"line":139,"column":4}}},"15":{"name":"countDigits","line":141,"loc":{"start":{"line":141,"column":4},"end":{"line":149,"column":4}}},"16":{"name":"powBySquare","line":156,"loc":{"start":{"line":156,"column":4},"end":{"line":171,"column":4}}},"17":{"name":"powBySquare18","line":174,"loc":{"start":{"line":174,"column":4},"end":{"line":190,"column":4}}},"18":{"name":"powBySquare38","line":193,"loc":{"start":{"line":193,"column":4},"end":{"line":209,"column":4}}},"19":{"name":"exp","line":220,"loc":{"start":{"line":220,"column":4},"end":{"line":244,"column":4}}},"20":{"name":"log_2","line":247,"loc":{"start":{"line":247,"column":4},"end":{"line":262,"column":4}}},"21":{"name":"pow2","line":265,"loc":{"start":{"line":265,"column":4},"end":{"line":283,"column":4}}},"22":{"name":"ln","line":296,"loc":{"start":{"line":296,"column":4},"end":{"line":350,"column":4}}},"23":{"name":"pow","line":360,"loc":{"start":{"line":360,"column":4},"end":{"line":369,"column":4}}},"24":{"name":"exp_taylor","line":372,"loc":{"start":{"line":372,"column":4},"end":{"line":384,"column":4}}},"25":{"name":"setLUT1","line":389,"loc":{"start":{"line":389,"column":4},"end":{"line":492,"column":4}}},"26":{"name":"setLUT2","line":495,"loc":{"start":{"line":495,"column":4},"end":{"line":598,"column":4}}},"27":{"name":"setLUT3_1","line":607,"loc":{"start":{"line":607,"column":4},"end":{"line":720,"column":4}}},"28":{"name":"setLUT3_2","line":722,"loc":{"start":{"line":722,"column":4},"end":{"line":825,"column":4}}},"29":{"name":"setLUT3_3","line":827,"loc":{"start":{"line":827,"column":4},"end":{"line":930,"column":4}}},"30":{"name":"setLUT3_4","line":932,"loc":{"start":{"line":932,"column":4},"end":{"line":1015,"column":4}}},"31":{"name":"_onlyLUT1andLUT2AreSet","line":1019,"loc":{"start":{"line":1019,"column":4},"end":{"line":1022,"column":4}}},"32":{"name":"_onlyLUT3isSet","line":1024,"loc":{"start":{"line":1024,"column":4},"end":{"line":1030,"column":4}}}},"statementMap":{},"branchMap":{"1":{"line":48,"type":"if","locations":[{"start":{"line":48,"column":8},"end":{"line":48,"column":8}},{"start":{"line":48,"column":8},"end":{"line":48,"column":8}}]},"2":{"line":52,"type":"if","locations":[{"start":{"line":52,"column":8},"end":{"line":52,"column":8}},{"start":{"line":52,"column":8},"end":{"line":52,"column":8}}]},"3":{"line":57,"type":"if","locations":[{"start":{"line":57,"column":8},"end":{"line":57,"column":8}},{"start":{"line":57,"column":8},"end":{"line":57,"column":8}}]},"4":{"line":63,"type":"if","locations":[{"start":{"line":63,"column":8},"end":{"line":63,"column":8}},{"start":{"line":63,"column":8},"end":{"line":63,"column":8}}]},"5":{"line":70,"type":"if","locations":[{"start":{"line":70,"column":8},"end":{"line":70,"column":8}},{"start":{"line":70,"column":8},"end":{"line":70,"column":8}}]},"6":{"line":127,"type":"if","locations":[{"start":{"line":127,"column":8},"end":{"line":127,"column":8}},{"start":{"line":127,"column":8},"end":{"line":127,"column":8}}]},"7":{"line":129,"type":"if","locations":[{"start":{"line":129,"column":15},"end":{"line":129,"column":15}},{"start":{"line":129,"column":15},"end":{"line":129,"column":15}}]},"8":{"line":157,"type":"if","locations":[{"start":{"line":157,"column":8},"end":{"line":157,"column":8}},{"start":{"line":157,"column":8},"end":{"line":157,"column":8}}]},"9":{"line":162,"type":"if","locations":[{"start":{"line":162,"column":12},"end":{"line":162,"column":12}},{"start":{"line":162,"column":12},"end":{"line":162,"column":12}}]},"10":{"line":165,"type":"if","locations":[{"start":{"line":165,"column":19},"end":{"line":165,"column":19}},{"start":{"line":165,"column":19},"end":{"line":165,"column":19}}]},"11":{"line":175,"type":"if","locations":[{"start":{"line":175,"column":8},"end":{"line":175,"column":8}},{"start":{"line":175,"column":8},"end":{"line":175,"column":8}}]},"12":{"line":180,"type":"if","locations":[{"start":{"line":180,"column":12},"end":{"line":180,"column":12}},{"start":{"line":180,"column":12},"end":{"line":180,"column":12}}]},"13":{"line":183,"type":"if","locations":[{"start":{"line":183,"column":19},"end":{"line":183,"column":19}},{"start":{"line":183,"column":19},"end":{"line":183,"column":19}}]},"14":{"line":194,"type":"if","locations":[{"start":{"line":194,"column":8},"end":{"line":194,"column":8}},{"start":{"line":194,"column":8},"end":{"line":194,"column":8}}]},"15":{"line":199,"type":"if","locations":[{"start":{"line":199,"column":12},"end":{"line":199,"column":12}},{"start":{"line":199,"column":12},"end":{"line":199,"column":12}}]},"16":{"line":202,"type":"if","locations":[{"start":{"line":202,"column":19},"end":{"line":202,"column":19}},{"start":{"line":202,"column":19},"end":{"line":202,"column":19}}]},"17":{"line":230,"type":"if","locations":[{"start":{"line":230,"column":8},"end":{"line":230,"column":8}},{"start":{"line":230,"column":8},"end":{"line":230,"column":8}}]},"18":{"line":248,"type":"if","locations":[{"start":{"line":248,"column":8},"end":{"line":248,"column":8}},{"start":{"line":248,"column":8},"end":{"line":248,"column":8}}]},"19":{"line":256,"type":"if","locations":[{"start":{"line":256,"column":12},"end":{"line":256,"column":12}},{"start":{"line":256,"column":12},"end":{"line":256,"column":12}}]},"20":{"line":266,"type":"if","locations":[{"start":{"line":266,"column":8},"end":{"line":266,"column":8}},{"start":{"line":266,"column":8},"end":{"line":266,"column":8}}]},"21":{"line":276,"type":"if","locations":[{"start":{"line":276,"column":12},"end":{"line":276,"column":12}},{"start":{"line":276,"column":12},"end":{"line":276,"column":12}}]},"22":{"line":297,"type":"if","locations":[{"start":{"line":297,"column":8},"end":{"line":297,"column":8}},{"start":{"line":297,"column":8},"end":{"line":297,"column":8}}]},"23":{"line":303,"type":"if","locations":[{"start":{"line":303,"column":12},"end":{"line":303,"column":12}},{"start":{"line":303,"column":12},"end":{"line":303,"column":12}}]},"24":{"line":307,"type":"if","locations":[{"start":{"line":307,"column":19},"end":{"line":307,"column":19}},{"start":{"line":307,"column":19},"end":{"line":307,"column":19}}]},"25":{"line":310,"type":"if","locations":[{"start":{"line":310,"column":19},"end":{"line":310,"column":19}},{"start":{"line":310,"column":19},"end":{"line":310,"column":19}}]},"26":{"line":313,"type":"if","locations":[{"start":{"line":313,"column":19},"end":{"line":313,"column":19}},{"start":{"line":313,"column":19},"end":{"line":313,"column":19}}]},"27":{"line":316,"type":"if","locations":[{"start":{"line":316,"column":19},"end":{"line":316,"column":19}},{"start":{"line":316,"column":19},"end":{"line":316,"column":19}}]},"28":{"line":319,"type":"if","locations":[{"start":{"line":319,"column":19},"end":{"line":319,"column":19}},{"start":{"line":319,"column":19},"end":{"line":319,"column":19}}]},"29":{"line":322,"type":"if","locations":[{"start":{"line":322,"column":19},"end":{"line":322,"column":19}},{"start":{"line":322,"column":19},"end":{"line":322,"column":19}}]},"30":{"line":325,"type":"if","locations":[{"start":{"line":325,"column":19},"end":{"line":325,"column":19}},{"start":{"line":325,"column":19},"end":{"line":325,"column":19}}]},"31":{"line":328,"type":"if","locations":[{"start":{"line":328,"column":19},"end":{"line":328,"column":19}},{"start":{"line":328,"column":19},"end":{"line":328,"column":19}}]},"32":{"line":331,"type":"if","locations":[{"start":{"line":331,"column":19},"end":{"line":331,"column":19}},{"start":{"line":331,"column":19},"end":{"line":331,"column":19}}]},"33":{"line":334,"type":"if","locations":[{"start":{"line":334,"column":19},"end":{"line":334,"column":19}},{"start":{"line":334,"column":19},"end":{"line":334,"column":19}}]},"34":{"line":337,"type":"if","locations":[{"start":{"line":337,"column":19},"end":{"line":337,"column":19}},{"start":{"line":337,"column":19},"end":{"line":337,"column":19}}]},"35":{"line":340,"type":"if","locations":[{"start":{"line":340,"column":19},"end":{"line":340,"column":19}},{"start":{"line":340,"column":19},"end":{"line":340,"column":19}}]},"36":{"line":361,"type":"if","locations":[{"start":{"line":361,"column":8},"end":{"line":361,"column":8}},{"start":{"line":361,"column":8},"end":{"line":361,"column":8}}]},"37":{"line":365,"type":"if","locations":[{"start":{"line":365,"column":8},"end":{"line":365,"column":8}},{"start":{"line":365,"column":8},"end":{"line":365,"column":8}}]},"38":{"line":1020,"type":"if","locations":[{"start":{"line":1020,"column":8},"end":{"line":1020,"column":8}},{"start":{"line":1020,"column":8},"end":{"line":1020,"column":8}}]},"39":{"line":1025,"type":"if","locations":[{"start":{"line":1025,"column":8},"end":{"line":1025,"column":8}},{"start":{"line":1025,"column":8},"end":{"line":1025,"column":8}}]}}},"contracts/AMM/SafeBox.sol":{"l":{"17":0,"18":0},"path":"/Users/ajla/Thales/contracts/contracts/AMM/SafeBox.sol","s":{},"b":{},"f":{"1":0},"fnMap":{"1":{"name":"initialize","line":16,"loc":{"start":{"line":16,"column":4},"end":{"line":19,"column":4}}}},"statementMap":{},"branchMap":{}},"contracts/AMM/ThalesAMM.sol":{"l":{"68":0,"69":0,"70":0,"71":0,"72":0,"73":0,"74":0,"75":0,"76":0,"80":0,"81":0,"83":0,"84":0,"86":0,"87":0,"88":0,"90":0,"92":0,"94":0,"95":0,"97":0,"99":0,"101":0,"110":0,"111":0,"113":0,"114":0,"116":0,"117":0,"118":0,"119":0,"127":0,"128":0,"130":0,"134":0,"135":0,"136":0,"137":0,"140":0,"141":0,"145":0,"146":0,"147":0,"149":0,"150":0,"155":0,"157":0,"158":0,"160":0,"161":0,"169":0,"170":0,"172":0,"174":0,"176":0,"177":0,"185":0,"186":0,"188":0,"192":0,"194":0,"195":0,"197":0,"198":0,"199":0,"201":0,"203":0,"204":0,"209":0,"224":0,"225":0,"226":0,"227":0,"228":0,"229":0,"230":0,"232":0,"233":0,"234":0,"235":0,"236":0,"237":0,"238":0,"239":0,"240":0,"241":0,"243":0,"248":0,"249":0,"250":0,"252":0,"253":0,"256":0,"258":0,"259":0,"262":0,"263":0,"265":0,"270":0,"274":0,"275":0,"276":0,"279":0,"291":0,"293":0,"294":0,"296":0,"297":0,"298":0,"299":0,"301":0,"303":0,"304":0,"305":0,"309":0,"310":0,"313":0,"314":0,"315":0,"317":0,"318":0,"320":0,"322":0,"332":0,"334":0,"335":0,"337":0,"338":0,"340":0,"341":0,"343":0,"344":0,"347":0,"348":0,"352":0,"353":0,"356":0,"358":0,"360":0,"361":0,"363":0,"365":0,"369":0,"370":0,"371":0,"372":0,"377":0,"378":0,"382":0,"383":0,"387":0,"388":0,"392":0,"393":0,"397":0,"398":0,"402":0,"403":0,"407":0,"408":0,"412":0,"416":0,"417":0,"418":0,"419":0,"423":0,"424":0,"428":0,"429":0,"433":0,"434":0,"438":0,"439":0,"443":0,"444":0,"446":0,"447":0,"448":0,"452":0,"453":0,"457":0,"458":0,"460":0,"461":0,"463":0,"473":0,"475":0,"476":0,"478":0,"481":0,"484":0,"485":0,"487":0,"497":0,"498":0,"499":0,"501":0,"504":0,"507":0,"509":0,"520":0,"521":0,"522":0,"524":0,"526":0,"528":0,"550":0,"551":0,"552":0,"553":0,"554":0,"555":0,"556":0,"558":0,"559":0,"560":0,"568":0,"569":0,"577":0,"578":0,"580":0,"581":0,"583":0,"585":0,"607":0,"608":0,"609":0,"611":0,"612":0,"613":0,"614":0,"616":0,"617":0,"618":0,"627":0,"628":0,"629":0,"630":0,"635":0,"636":0,"637":0,"641":0,"642":0,"643":0,"644":0,"648":0,"649":0,"653":0,"657":0,"658":0,"662":0,"663":0,"664":0,"665":0,"666":0,"667":0,"670":0,"675":0,"679":0,"683":0},"path":"/Users/ajla/Thales/contracts/contracts/AMM/ThalesAMM.sol","s":{},"b":{"1":[0,0],"2":[0,0],"3":[0,0],"4":[0,0],"5":[0,0],"6":[0,0],"7":[0,0],"8":[0,0],"9":[0,0],"10":[0,0],"11":[0,0],"12":[0,0],"13":[0,0],"14":[0,0],"15":[0,0],"16":[0,0],"17":[0,0],"18":[0,0],"19":[0,0],"20":[0,0],"21":[0,0],"22":[0,0],"23":[0,0],"24":[0,0],"25":[0,0],"26":[0,0],"27":[0,0],"28":[0,0],"29":[0,0],"30":[0,0],"31":[0,0],"32":[0,0],"33":[0,0],"34":[0,0],"35":[0,0],"36":[0,0],"37":[0,0],"38":[0,0],"39":[0,0],"40":[0,0],"41":[0,0],"42":[0,0],"43":[0,0],"44":[0,0],"45":[0,0],"46":[0,0],"47":[0,0],"48":[0,0],"49":[0,0],"50":[0,0],"51":[0,0],"52":[0,0],"53":[0,0],"54":[0,0],"55":[0,0]},"f":{"1":0,"2":0,"3":0,"4":0,"5":0,"6":0,"7":0,"8":0,"9":0,"10":0,"11":0,"12":0,"13":0,"14":0,"15":0,"16":0,"17":0,"18":0,"19":0,"20":0,"21":0,"22":0,"23":0,"24":0,"25":0,"26":0,"27":0,"28":0,"29":0,"30":0,"31":0,"32":0,"33":0,"34":0,"35":0,"36":0,"37":0,"38":0,"39":0,"40":0,"41":0,"42":0,"43":0,"44":0,"45":0,"46":0,"47":0},"fnMap":{"1":{"name":"initialize","line":67,"loc":{"start":{"line":58,"column":4},"end":{"line":77,"column":4}}},"2":{"name":"availableToBuyFromAMM","line":79,"loc":{"start":{"line":79,"column":4},"end":{"line":103,"column":4}}},"3":{"name":"buyFromAmmQuote","line":105,"loc":{"start":{"line":105,"column":4},"end":{"line":120,"column":4}}},"4":{"name":"buyPriceImpact","line":122,"loc":{"start":{"line":122,"column":4},"end":{"line":131,"column":4}}},"5":{"name":"availableToSellToAMM","line":133,"loc":{"start":{"line":133,"column":4},"end":{"line":152,"column":4}}},"6":{"name":"_getSellMaxPrice","line":154,"loc":{"start":{"line":154,"column":4},"end":{"line":162,"column":4}}},"7":{"name":"sellToAmmQuote","line":164,"loc":{"start":{"line":164,"column":4},"end":{"line":178,"column":4}}},"8":{"name":"sellPriceImpact","line":180,"loc":{"start":{"line":180,"column":4},"end":{"line":189,"column":4}}},"9":{"name":"price","line":191,"loc":{"start":{"line":191,"column":4},"end":{"line":216,"column":4}}},"10":{"name":"calculateOdds","line":218,"loc":{"start":{"line":218,"column":4},"end":{"line":245,"column":4}}},"11":{"name":"isMarketInAMMTrading","line":247,"loc":{"start":{"line":247,"column":4},"end":{"line":267,"column":4}}},"12":{"name":"canExerciseMaturedMarket","line":269,"loc":{"start":{"line":269,"column":4},"end":{"line":280,"column":4}}},"13":{"name":"buyFromAMM","line":290,"loc":{"start":{"line":284,"column":4},"end":{"line":323,"column":4}}},"14":{"name":"sellToAMM","line":331,"loc":{"start":{"line":325,"column":4},"end":{"line":366,"column":4}}},"15":{"name":"exerciseMaturedMarket","line":368,"loc":{"start":{"line":368,"column":4},"end":{"line":373,"column":4}}},"16":{"name":"setMinimalTimeLeftToMaturity","line":376,"loc":{"start":{"line":376,"column":4},"end":{"line":379,"column":4}}},"17":{"name":"setMinSpread","line":381,"loc":{"start":{"line":381,"column":4},"end":{"line":384,"column":4}}},"18":{"name":"setSafeBoxImpact","line":386,"loc":{"start":{"line":386,"column":4},"end":{"line":389,"column":4}}},"19":{"name":"setSafeBox","line":391,"loc":{"start":{"line":391,"column":4},"end":{"line":394,"column":4}}},"20":{"name":"setMaxSpread","line":396,"loc":{"start":{"line":396,"column":4},"end":{"line":399,"column":4}}},"21":{"name":"setMinSupportedPrice","line":401,"loc":{"start":{"line":401,"column":4},"end":{"line":404,"column":4}}},"22":{"name":"setMaxSupportedPrice","line":406,"loc":{"start":{"line":406,"column":4},"end":{"line":409,"column":4}}},"23":{"name":"setImpliedVolatilityPerAsset","line":411,"loc":{"start":{"line":411,"column":4},"end":{"line":420,"column":4}}},"24":{"name":"setCapPerMarket","line":422,"loc":{"start":{"line":422,"column":4},"end":{"line":425,"column":4}}},"25":{"name":"setPriceFeed","line":427,"loc":{"start":{"line":427,"column":4},"end":{"line":430,"column":4}}},"26":{"name":"setSUSD","line":432,"loc":{"start":{"line":432,"column":4},"end":{"line":435,"column":4}}},"27":{"name":"setStakingThales","line":437,"loc":{"start":{"line":437,"column":4},"end":{"line":440,"column":4}}},"28":{"name":"setPositionalMarketManager","line":442,"loc":{"start":{"line":442,"column":4},"end":{"line":449,"column":4}}},"29":{"name":"setCapPerAsset","line":451,"loc":{"start":{"line":451,"column":4},"end":{"line":454,"column":4}}},"30":{"name":"getCapPerAsset","line":456,"loc":{"start":{"line":456,"column":4},"end":{"line":464,"column":4}}},"31":{"name":"_updateSpentOnMarketOnSell","line":468,"loc":{"start":{"line":468,"column":4},"end":{"line":491,"column":4}}},"32":{"name":"_updateSpentOnOnMarketOnBuy","line":493,"loc":{"start":{"line":493,"column":4},"end":{"line":513,"column":4}}},"33":{"name":"_buyPriceImpact","line":515,"loc":{"start":{"line":515,"column":4},"end":{"line":539,"column":4}}},"34":{"name":"_buyPriceImpactElse","line":541,"loc":{"start":{"line":541,"column":4},"end":{"line":562,"column":4}}},"35":{"name":"balancePosition","line":564,"loc":{"start":{"line":564,"column":4},"end":{"line":570,"column":4}}},"36":{"name":"_sellPriceImpact","line":572,"loc":{"start":{"line":572,"column":4},"end":{"line":596,"column":4}}},"37":{"name":"_sellPriceImpactElse","line":598,"loc":{"start":{"line":598,"column":4},"end":{"line":620,"column":4}}},"38":{"name":"_getMintableAmount","line":622,"loc":{"start":{"line":622,"column":4},"end":{"line":632,"column":4}}},"39":{"name":"_balanceOfPositionOnMarket","line":634,"loc":{"start":{"line":634,"column":4},"end":{"line":638,"column":4}}},"40":{"name":"_balanceOfPositionsOnMarket","line":640,"loc":{"start":{"line":640,"column":4},"end":{"line":645,"column":4}}},"41":{"name":"_capOnMarket","line":647,"loc":{"start":{"line":647,"column":4},"end":{"line":650,"column":4}}},"42":{"name":"_expneg","line":652,"loc":{"start":{"line":652,"column":4},"end":{"line":654,"column":4}}},"43":{"name":"_expNegPow","line":656,"loc":{"start":{"line":656,"column":4},"end":{"line":659,"column":4}}},"44":{"name":"sqrt","line":661,"loc":{"start":{"line":661,"column":4},"end":{"line":672,"column":4}}},"45":{"name":"retrieveSUSD","line":674,"loc":{"start":{"line":674,"column":4},"end":{"line":676,"column":4}}},"46":{"name":"retrieveSUSDAmount","line":678,"loc":{"start":{"line":678,"column":4},"end":{"line":680,"column":4}}},"47":{"name":"setWhitelistedAddress","line":682,"loc":{"start":{"line":682,"column":4},"end":{"line":684,"column":4}}}},"statementMap":{},"branchMap":{"1":{"line":80,"type":"if","locations":[{"start":{"line":80,"column":8},"end":{"line":80,"column":8}},{"start":{"line":80,"column":8},"end":{"line":80,"column":8}}]},"2":{"line":83,"type":"if","locations":[{"start":{"line":83,"column":12},"end":{"line":83,"column":12}},{"start":{"line":83,"column":12},"end":{"line":83,"column":12}}]},"3":{"line":94,"type":"if","locations":[{"start":{"line":94,"column":12},"end":{"line":94,"column":12}},{"start":{"line":94,"column":12},"end":{"line":94,"column":12}}]},"4":{"line":110,"type":"if","locations":[{"start":{"line":110,"column":8},"end":{"line":110,"column":8}},{"start":{"line":110,"column":8},"end":{"line":110,"column":8}}]},"5":{"line":127,"type":"if","locations":[{"start":{"line":127,"column":8},"end":{"line":127,"column":8}},{"start":{"line":127,"column":8},"end":{"line":127,"column":8}}]},"6":{"line":134,"type":"if","locations":[{"start":{"line":134,"column":8},"end":{"line":134,"column":8}},{"start":{"line":134,"column":8},"end":{"line":134,"column":8}}]},"7":{"line":136,"type":"if","locations":[{"start":{"line":136,"column":12},"end":{"line":136,"column":12}},{"start":{"line":136,"column":12},"end":{"line":136,"column":12}}]},"8":{"line":146,"type":"if","locations":[{"start":{"line":146,"column":12},"end":{"line":146,"column":12}},{"start":{"line":146,"column":12},"end":{"line":146,"column":12}}]},"9":{"line":157,"type":"if","locations":[{"start":{"line":157,"column":8},"end":{"line":157,"column":8}},{"start":{"line":157,"column":8},"end":{"line":157,"column":8}}]},"10":{"line":169,"type":"if","locations":[{"start":{"line":169,"column":8},"end":{"line":169,"column":8}},{"start":{"line":169,"column":8},"end":{"line":169,"column":8}}]},"11":{"line":185,"type":"if","locations":[{"start":{"line":185,"column":8},"end":{"line":185,"column":8}},{"start":{"line":185,"column":8},"end":{"line":185,"column":8}}]},"12":{"line":192,"type":"if","locations":[{"start":{"line":192,"column":8},"end":{"line":192,"column":8}},{"start":{"line":192,"column":8},"end":{"line":192,"column":8}}]},"13":{"line":203,"type":"if","locations":[{"start":{"line":203,"column":12},"end":{"line":203,"column":12}},{"start":{"line":203,"column":12},"end":{"line":203,"column":12}}]},"14":{"line":240,"type":"if","locations":[{"start":{"line":240,"column":8},"end":{"line":240,"column":8}},{"start":{"line":240,"column":8},"end":{"line":240,"column":8}}]},"15":{"line":248,"type":"if","locations":[{"start":{"line":248,"column":8},"end":{"line":248,"column":8}},{"start":{"line":248,"column":8},"end":{"line":248,"column":8}}]},"16":{"line":252,"type":"if","locations":[{"start":{"line":252,"column":12},"end":{"line":252,"column":12}},{"start":{"line":252,"column":12},"end":{"line":252,"column":12}}]},"17":{"line":258,"type":"if","locations":[{"start":{"line":258,"column":12},"end":{"line":258,"column":12}},{"start":{"line":258,"column":12},"end":{"line":258,"column":12}}]},"18":{"line":270,"type":"if","locations":[{"start":{"line":270,"column":8},"end":{"line":270,"column":8}},{"start":{"line":270,"column":8},"end":{"line":270,"column":8}}]},"19":{"line":275,"type":"if","locations":[{"start":{"line":275,"column":12},"end":{"line":275,"column":12}},{"start":{"line":275,"column":12},"end":{"line":275,"column":12}}]},"20":{"line":291,"type":"if","locations":[{"start":{"line":291,"column":8},"end":{"line":291,"column":8}},{"start":{"line":291,"column":8},"end":{"line":291,"column":8}}]},"21":{"line":294,"type":"if","locations":[{"start":{"line":294,"column":8},"end":{"line":294,"column":8}},{"start":{"line":294,"column":8},"end":{"line":294,"column":8}}]},"22":{"line":297,"type":"if","locations":[{"start":{"line":297,"column":8},"end":{"line":297,"column":8}},{"start":{"line":297,"column":8},"end":{"line":297,"column":8}}]},"23":{"line":298,"type":"if","locations":[{"start":{"line":298,"column":8},"end":{"line":298,"column":8}},{"start":{"line":298,"column":8},"end":{"line":298,"column":8}}]},"24":{"line":299,"type":"if","locations":[{"start":{"line":299,"column":8},"end":{"line":299,"column":8}},{"start":{"line":299,"column":8},"end":{"line":299,"column":8}}]},"25":{"line":304,"type":"if","locations":[{"start":{"line":304,"column":8},"end":{"line":304,"column":8}},{"start":{"line":304,"column":8},"end":{"line":304,"column":8}}]},"26":{"line":305,"type":"if","locations":[{"start":{"line":305,"column":12},"end":{"line":305,"column":12}},{"start":{"line":305,"column":12},"end":{"line":305,"column":12}}]},"27":{"line":317,"type":"if","locations":[{"start":{"line":317,"column":8},"end":{"line":317,"column":8}},{"start":{"line":317,"column":8},"end":{"line":317,"column":8}}]},"28":{"line":332,"type":"if","locations":[{"start":{"line":332,"column":8},"end":{"line":332,"column":8}},{"start":{"line":332,"column":8},"end":{"line":332,"column":8}}]},"29":{"line":335,"type":"if","locations":[{"start":{"line":335,"column":8},"end":{"line":335,"column":8}},{"start":{"line":335,"column":8},"end":{"line":335,"column":8}}]},"30":{"line":338,"type":"if","locations":[{"start":{"line":338,"column":8},"end":{"line":338,"column":8}},{"start":{"line":338,"column":8},"end":{"line":338,"column":8}}]},"31":{"line":343,"type":"if","locations":[{"start":{"line":343,"column":8},"end":{"line":343,"column":8}},{"start":{"line":343,"column":8},"end":{"line":343,"column":8}}]},"32":{"line":344,"type":"if","locations":[{"start":{"line":344,"column":8},"end":{"line":344,"column":8}},{"start":{"line":344,"column":8},"end":{"line":344,"column":8}}]},"33":{"line":352,"type":"if","locations":[{"start":{"line":352,"column":8},"end":{"line":352,"column":8}},{"start":{"line":352,"column":8},"end":{"line":352,"column":8}}]},"34":{"line":356,"type":"if","locations":[{"start":{"line":356,"column":8},"end":{"line":356,"column":8}},{"start":{"line":356,"column":8},"end":{"line":356,"column":8}}]},"35":{"line":360,"type":"if","locations":[{"start":{"line":360,"column":8},"end":{"line":360,"column":8}},{"start":{"line":360,"column":8},"end":{"line":360,"column":8}}]},"36":{"line":369,"type":"if","locations":[{"start":{"line":369,"column":8},"end":{"line":369,"column":8}},{"start":{"line":369,"column":8},"end":{"line":369,"column":8}}]},"37":{"line":370,"type":"if","locations":[{"start":{"line":370,"column":8},"end":{"line":370,"column":8}},{"start":{"line":370,"column":8},"end":{"line":370,"column":8}}]},"38":{"line":371,"type":"if","locations":[{"start":{"line":371,"column":8},"end":{"line":371,"column":8}},{"start":{"line":371,"column":8},"end":{"line":371,"column":8}}]},"39":{"line":412,"type":"if","locations":[{"start":{"line":412,"column":8},"end":{"line":412,"column":8}},{"start":{"line":412,"column":8},"end":{"line":412,"column":8}}]},"40":{"line":416,"type":"if","locations":[{"start":{"line":416,"column":8},"end":{"line":416,"column":8}},{"start":{"line":416,"column":8},"end":{"line":416,"column":8}}]},"41":{"line":417,"type":"if","locations":[{"start":{"line":417,"column":8},"end":{"line":417,"column":8}},{"start":{"line":417,"column":8},"end":{"line":417,"column":8}}]},"42":{"line":443,"type":"if","locations":[{"start":{"line":443,"column":8},"end":{"line":443,"column":8}},{"start":{"line":443,"column":8},"end":{"line":443,"column":8}}]},"43":{"line":457,"type":"if","locations":[{"start":{"line":457,"column":8},"end":{"line":457,"column":8}},{"start":{"line":457,"column":8},"end":{"line":457,"column":8}}]},"44":{"line":460,"type":"if","locations":[{"start":{"line":460,"column":8},"end":{"line":460,"column":8}},{"start":{"line":460,"column":8},"end":{"line":460,"column":8}}]},"45":{"line":475,"type":"if","locations":[{"start":{"line":475,"column":8},"end":{"line":475,"column":8}},{"start":{"line":475,"column":8},"end":{"line":475,"column":8}}]},"46":{"line":484,"type":"if","locations":[{"start":{"line":484,"column":8},"end":{"line":484,"column":8}},{"start":{"line":484,"column":8},"end":{"line":484,"column":8}}]},"47":{"line":498,"type":"if","locations":[{"start":{"line":498,"column":8},"end":{"line":498,"column":8}},{"start":{"line":498,"column":8},"end":{"line":498,"column":8}}]},"48":{"line":504,"type":"if","locations":[{"start":{"line":504,"column":8},"end":{"line":504,"column":8}},{"start":{"line":504,"column":8},"end":{"line":504,"column":8}}]},"49":{"line":524,"type":"if","locations":[{"start":{"line":524,"column":8},"end":{"line":524,"column":8}},{"start":{"line":524,"column":8},"end":{"line":524,"column":8}}]},"50":{"line":553,"type":"if","locations":[{"start":{"line":553,"column":8},"end":{"line":553,"column":8}},{"start":{"line":553,"column":8},"end":{"line":553,"column":8}}]},"51":{"line":581,"type":"if","locations":[{"start":{"line":581,"column":8},"end":{"line":581,"column":8}},{"start":{"line":581,"column":8},"end":{"line":581,"column":8}}]},"52":{"line":611,"type":"if","locations":[{"start":{"line":611,"column":8},"end":{"line":611,"column":8}},{"start":{"line":611,"column":8},"end":{"line":611,"column":8}}]},"53":{"line":629,"type":"if","locations":[{"start":{"line":629,"column":8},"end":{"line":629,"column":8}},{"start":{"line":629,"column":8},"end":{"line":629,"column":8}}]},"54":{"line":662,"type":"if","locations":[{"start":{"line":662,"column":8},"end":{"line":662,"column":8}},{"start":{"line":662,"column":8},"end":{"line":662,"column":8}}]},"55":{"line":669,"type":"if","locations":[{"start":{"line":669,"column":15},"end":{"line":669,"column":15}},{"start":{"line":669,"column":15},"end":{"line":669,"column":15}}]}}},"contracts/EscrowAndStaking/EscrowThales.sol":{"l":{"51":58,"52":58,"53":58,"59":0,"60":0,"64":0,"65":0,"69":45,"70":0,"75":45,"80":5,"81":3,"87":14,"88":11,"89":11,"94":11,"96":11,"97":0,"103":11,"105":11,"108":11,"110":11,"112":11,"115":10,"116":4,"119":10,"123":1,"124":1,"126":1,"127":1,"129":1,"130":1,"131":1,"132":1,"133":1,"136":1,"137":1,"140":1,"141":1,"145":3,"146":3,"150":0,"151":0,"155":33,"156":22,"158":33,"159":33,"163":22,"164":22,"165":22,"169":8,"173":8,"174":8,"175":8,"179":19,"180":19,"181":19,"185":0,"193":4,"194":4,"195":40,"196":0,"199":4},"path":"/Users/ajla/Thales/contracts/contracts/EscrowAndStaking/EscrowThales.sol","s":{},"b":{"1":[0,0],"2":[0,0],"3":[0,45],"4":[3,2],"5":[11,3],"6":[11,0],"7":[11,0],"8":[0,11],"9":[4,6],"10":[1,0],"11":[1,0],"12":[1,0],"13":[1,0],"14":[3,0],"15":[0,0],"16":[22,11],"17":[22,0],"18":[22,0],"19":[8,0],"20":[19,0],"21":[0,40]},"f":{"1":58,"2":0,"3":0,"4":45,"5":5,"6":14,"7":1,"8":3,"9":0,"10":33,"11":22,"12":8,"13":8,"14":19,"15":0,"16":4},"fnMap":{"1":{"name":"initialize","line":50,"loc":{"start":{"line":47,"column":4},"end":{"line":54,"column":4}}},"2":{"name":"getStakerPeriod","line":58,"loc":{"start":{"line":58,"column":4},"end":{"line":61,"column":4}}},"3":{"name":"getStakerAmounts","line":63,"loc":{"start":{"line":63,"column":4},"end":{"line":66,"column":4}}},"4":{"name":"getStakedEscrowedBalanceForRewards","line":68,"loc":{"start":{"line":68,"column":4},"end":{"line":77,"column":4}}},"5":{"name":"claimable","line":79,"loc":{"start":{"line":79,"column":4},"end":{"line":82,"column":4}}},"6":{"name":"addToEscrow","line":86,"loc":{"start":{"line":86,"column":4},"end":{"line":120,"column":4}}},"7":{"name":"vest","line":122,"loc":{"start":{"line":122,"column":4},"end":{"line":142,"column":4}}},"8":{"name":"addTotalEscrowBalanceNotIncludedInStaking","line":144,"loc":{"start":{"line":144,"column":4},"end":{"line":147,"column":4}}},"9":{"name":"subtractTotalEscrowBalanceNotIncludedInStaking","line":149,"loc":{"start":{"line":149,"column":4},"end":{"line":152,"column":4}}},"10":{"name":"updateCurrentPeriod","line":154,"loc":{"start":{"line":154,"column":4},"end":{"line":160,"column":4}}},"11":{"name":"setStakingThalesContract","line":162,"loc":{"start":{"line":162,"column":4},"end":{"line":166,"column":4}}},"12":{"name":"enableTestMode","line":168,"loc":{"start":{"line":168,"column":4},"end":{"line":170,"column":4}}},"13":{"name":"setAirdropContract","line":172,"loc":{"start":{"line":172,"column":4},"end":{"line":176,"column":4}}},"14":{"name":"setThalesStakingRewardsPool","line":178,"loc":{"start":{"line":178,"column":4},"end":{"line":182,"column":4}}},"15":{"name":"fixEscrowEntry","line":184,"loc":{"start":{"line":184,"column":4},"end":{"line":188,"column":4}}},"16":{"name":"_getVestingNotAvailable","line":192,"loc":{"start":{"line":192,"column":4},"end":{"line":200,"column":4}}}},"statementMap":{},"branchMap":{"1":{"line":59,"type":"if","locations":[{"start":{"line":59,"column":8},"end":{"line":59,"column":8}},{"start":{"line":59,"column":8},"end":{"line":59,"column":8}}]},"2":{"line":64,"type":"if","locations":[{"start":{"line":64,"column":8},"end":{"line":64,"column":8}},{"start":{"line":64,"column":8},"end":{"line":64,"column":8}}]},"3":{"line":69,"type":"if","locations":[{"start":{"line":69,"column":8},"end":{"line":69,"column":8}},{"start":{"line":69,"column":8},"end":{"line":69,"column":8}}]},"4":{"line":80,"type":"if","locations":[{"start":{"line":80,"column":8},"end":{"line":80,"column":8}},{"start":{"line":80,"column":8},"end":{"line":80,"column":8}}]},"5":{"line":87,"type":"if","locations":[{"start":{"line":87,"column":8},"end":{"line":87,"column":8}},{"start":{"line":87,"column":8},"end":{"line":87,"column":8}}]},"6":{"line":88,"type":"if","locations":[{"start":{"line":88,"column":8},"end":{"line":88,"column":8}},{"start":{"line":88,"column":8},"end":{"line":88,"column":8}}]},"7":{"line":89,"type":"if","locations":[{"start":{"line":89,"column":8},"end":{"line":89,"column":8}},{"start":{"line":89,"column":8},"end":{"line":89,"column":8}}]},"8":{"line":96,"type":"if","locations":[{"start":{"line":96,"column":8},"end":{"line":96,"column":8}},{"start":{"line":96,"column":8},"end":{"line":96,"column":8}}]},"9":{"line":115,"type":"if","locations":[{"start":{"line":115,"column":8},"end":{"line":115,"column":8}},{"start":{"line":115,"column":8},"end":{"line":115,"column":8}}]},"10":{"line":123,"type":"if","locations":[{"start":{"line":123,"column":8},"end":{"line":123,"column":8}},{"start":{"line":123,"column":8},"end":{"line":123,"column":8}}]},"11":{"line":124,"type":"if","locations":[{"start":{"line":124,"column":8},"end":{"line":124,"column":8}},{"start":{"line":124,"column":8},"end":{"line":124,"column":8}}]},"12":{"line":129,"type":"if","locations":[{"start":{"line":129,"column":8},"end":{"line":129,"column":8}},{"start":{"line":129,"column":8},"end":{"line":129,"column":8}}]},"13":{"line":136,"type":"if","locations":[{"start":{"line":136,"column":8},"end":{"line":136,"column":8}},{"start":{"line":136,"column":8},"end":{"line":136,"column":8}}]},"14":{"line":145,"type":"if","locations":[{"start":{"line":145,"column":8},"end":{"line":145,"column":8}},{"start":{"line":145,"column":8},"end":{"line":145,"column":8}}]},"15":{"line":150,"type":"if","locations":[{"start":{"line":150,"column":8},"end":{"line":150,"column":8}},{"start":{"line":150,"column":8},"end":{"line":150,"column":8}}]},"16":{"line":155,"type":"if","locations":[{"start":{"line":155,"column":8},"end":{"line":155,"column":8}},{"start":{"line":155,"column":8},"end":{"line":155,"column":8}}]},"17":{"line":156,"type":"if","locations":[{"start":{"line":156,"column":12},"end":{"line":156,"column":12}},{"start":{"line":156,"column":12},"end":{"line":156,"column":12}}]},"18":{"line":163,"type":"if","locations":[{"start":{"line":163,"column":8},"end":{"line":163,"column":8}},{"start":{"line":163,"column":8},"end":{"line":163,"column":8}}]},"19":{"line":173,"type":"if","locations":[{"start":{"line":173,"column":8},"end":{"line":173,"column":8}},{"start":{"line":173,"column":8},"end":{"line":173,"column":8}}]},"20":{"line":179,"type":"if","locations":[{"start":{"line":179,"column":8},"end":{"line":179,"column":8}},{"start":{"line":179,"column":8},"end":{"line":179,"column":8}}]},"21":{"line":195,"type":"if","locations":[{"start":{"line":195,"column":12},"end":{"line":195,"column":12}},{"start":{"line":195,"column":12},"end":{"line":195,"column":12}}]}}},"contracts/EscrowAndStaking/LPStakingDoubleRewards.sol":{"l":{"49":23,"50":23,"51":23,"52":23,"53":23,"54":23,"60":2,"64":4,"68":153,"72":83,"73":37,"74":37,"76":46,"79":46,"86":21,"87":21,"91":21,"97":1,"101":1,"107":9,"108":9,"109":9,"110":9,"111":9,"115":2,"116":2,"117":2,"118":2,"119":2,"123":4,"124":4,"125":4,"126":4,"127":4,"128":4,"131":4,"132":4,"133":4,"134":4,"139":1,"140":1,"146":19,"147":15,"148":15,"150":4,"151":4,"152":4,"154":4,"155":4,"162":19,"163":19,"165":15,"166":15,"168":15,"169":15,"170":15,"174":12,"176":12,"177":12,"178":12,"184":12,"185":12,"187":12,"188":12,"192":12,"194":12,"195":12,"196":12,"202":12,"203":12,"205":12,"206":12,"210":1,"212":1,"213":1,"214":1,"216":1,"217":1,"223":1,"224":1,"226":1,"227":1,"229":1,"230":1,"234":0,"235":0,"239":5,"243":3,"244":3,"248":23,"249":23,"250":23,"256":59,"258":59,"259":59,"260":15,"262":15,"263":15,"265":59},"path":"/Users/ajla/Thales/contracts/contracts/EscrowAndStaking/LPStakingDoubleRewards.sol","s":{},"b":{"1":[37,46],"2":[9,0],"3":[2,0],"4":[4,0],"5":[4,0],"6":[15,4],"7":[15,4],"8":[15,0],"9":[12,0],"10":[12,0],"11":[12,0],"12":[12,0],"13":[1,0],"14":[1,0],"15":[1,0],"16":[0,0],"17":[3,2],"18":[23,0],"19":[15,44]},"f":{"1":23,"2":2,"3":4,"4":153,"5":83,"6":21,"7":1,"8":1,"9":9,"10":2,"11":4,"12":1,"13":19,"14":12,"15":12,"16":1,"17":0,"18":5,"19":23,"20":59},"fnMap":{"1":{"name":"initialize","line":48,"loc":{"start":{"line":42,"column":4},"end":{"line":55,"column":4}}},"2":{"name":"totalSupply","line":59,"loc":{"start":{"line":59,"column":4},"end":{"line":61,"column":4}}},"3":{"name":"balanceOf","line":63,"loc":{"start":{"line":63,"column":4},"end":{"line":65,"column":4}}},"4":{"name":"lastTimeRewardApplicable","line":67,"loc":{"start":{"line":67,"column":4},"end":{"line":69,"column":4}}},"5":{"name":"rewardPerToken","line":71,"loc":{"start":{"line":71,"column":4},"end":{"line":83,"column":4}}},"6":{"name":"earned","line":85,"loc":{"start":{"line":85,"column":4},"end":{"line":94,"column":4}}},"7":{"name":"getRewardForDuration","line":96,"loc":{"start":{"line":96,"column":4},"end":{"line":98,"column":4}}},"8":{"name":"getSecondRewardForDuration","line":100,"loc":{"start":{"line":100,"column":4},"end":{"line":102,"column":4}}},"9":{"name":"stake","line":106,"loc":{"start":{"line":106,"column":4},"end":{"line":112,"column":4}}},"10":{"name":"withdraw","line":114,"loc":{"start":{"line":114,"column":4},"end":{"line":120,"column":4}}},"11":{"name":"getReward","line":122,"loc":{"start":{"line":122,"column":4},"end":{"line":136,"column":4}}},"12":{"name":"exit","line":138,"loc":{"start":{"line":138,"column":4},"end":{"line":141,"column":4}}},"13":{"name":"notifyRewardAmount","line":145,"loc":{"start":{"line":145,"column":4},"end":{"line":171,"column":4}}},"14":{"name":"addReward","line":173,"loc":{"start":{"line":173,"column":4},"end":{"line":189,"column":4}}},"15":{"name":"addSecondReward","line":191,"loc":{"start":{"line":191,"column":4},"end":{"line":207,"column":4}}},"16":{"name":"addBothRewards","line":209,"loc":{"start":{"line":209,"column":4},"end":{"line":231,"column":4}}},"17":{"name":"recoverERC20","line":233,"loc":{"start":{"line":233,"column":4},"end":{"line":236,"column":4}}},"18":{"name":"setRewardsDuration","line":238,"loc":{"start":{"line":238,"column":4},"end":{"line":245,"column":4}}},"19":{"name":"setSecondRewardsToken","line":247,"loc":{"start":{"line":247,"column":4},"end":{"line":251,"column":4}}},"20":{"name":"updateReward","line":255,"loc":{"start":{"line":255,"column":4},"end":{"line":266,"column":4}}}},"statementMap":{},"branchMap":{"1":{"line":72,"type":"if","locations":[{"start":{"line":72,"column":8},"end":{"line":72,"column":8}},{"start":{"line":72,"column":8},"end":{"line":72,"column":8}}]},"2":{"line":107,"type":"if","locations":[{"start":{"line":107,"column":8},"end":{"line":107,"column":8}},{"start":{"line":107,"column":8},"end":{"line":107,"column":8}}]},"3":{"line":115,"type":"if","locations":[{"start":{"line":115,"column":8},"end":{"line":115,"column":8}},{"start":{"line":115,"column":8},"end":{"line":115,"column":8}}]},"4":{"line":125,"type":"if","locations":[{"start":{"line":125,"column":8},"end":{"line":125,"column":8}},{"start":{"line":125,"column":8},"end":{"line":125,"column":8}}]},"5":{"line":131,"type":"if","locations":[{"start":{"line":131,"column":8},"end":{"line":131,"column":8}},{"start":{"line":131,"column":8},"end":{"line":131,"column":8}}]},"6":{"line":146,"type":"if","locations":[{"start":{"line":146,"column":8},"end":{"line":146,"column":8}},{"start":{"line":146,"column":8},"end":{"line":146,"column":8}}]},"7":{"line":163,"type":"if","locations":[{"start":{"line":163,"column":8},"end":{"line":163,"column":8}},{"start":{"line":163,"column":8},"end":{"line":163,"column":8}}]},"8":{"line":166,"type":"if","locations":[{"start":{"line":166,"column":8},"end":{"line":166,"column":8}},{"start":{"line":166,"column":8},"end":{"line":166,"column":8}}]},"9":{"line":174,"type":"if","locations":[{"start":{"line":174,"column":8},"end":{"line":174,"column":8}},{"start":{"line":174,"column":8},"end":{"line":174,"column":8}}]},"10":{"line":185,"type":"if","locations":[{"start":{"line":185,"column":8},"end":{"line":185,"column":8}},{"start":{"line":185,"column":8},"end":{"line":185,"column":8}}]},"11":{"line":192,"type":"if","locations":[{"start":{"line":192,"column":8},"end":{"line":192,"column":8}},{"start":{"line":192,"column":8},"end":{"line":192,"column":8}}]},"12":{"line":203,"type":"if","locations":[{"start":{"line":203,"column":8},"end":{"line":203,"column":8}},{"start":{"line":203,"column":8},"end":{"line":203,"column":8}}]},"13":{"line":210,"type":"if","locations":[{"start":{"line":210,"column":8},"end":{"line":210,"column":8}},{"start":{"line":210,"column":8},"end":{"line":210,"column":8}}]},"14":{"line":224,"type":"if","locations":[{"start":{"line":224,"column":8},"end":{"line":224,"column":8}},{"start":{"line":224,"column":8},"end":{"line":224,"column":8}}]},"15":{"line":227,"type":"if","locations":[{"start":{"line":227,"column":8},"end":{"line":227,"column":8}},{"start":{"line":227,"column":8},"end":{"line":227,"column":8}}]},"16":{"line":234,"type":"if","locations":[{"start":{"line":234,"column":8},"end":{"line":234,"column":8}},{"start":{"line":234,"column":8},"end":{"line":234,"column":8}}]},"17":{"line":239,"type":"if","locations":[{"start":{"line":239,"column":8},"end":{"line":239,"column":8}},{"start":{"line":239,"column":8},"end":{"line":239,"column":8}}]},"18":{"line":248,"type":"if","locations":[{"start":{"line":248,"column":8},"end":{"line":248,"column":8}},{"start":{"line":248,"column":8},"end":{"line":248,"column":8}}]},"19":{"line":259,"type":"if","locations":[{"start":{"line":259,"column":8},"end":{"line":259,"column":8}},{"start":{"line":259,"column":8},"end":{"line":259,"column":8}}]}}},"contracts/EscrowAndStaking/LPStakingRewards.sol":{"l":{"42":0,"43":0,"44":0,"45":0,"46":0,"52":0,"56":0,"60":0,"64":0,"65":0,"67":0,"74":0,"78":0,"84":0,"85":0,"86":0,"87":0,"88":0,"92":0,"93":0,"94":0,"95":0,"96":0,"100":0,"101":0,"102":0,"103":0,"104":0,"109":0,"110":0,"116":0,"117":0,"119":0,"120":0,"121":0,"128":0,"129":0,"131":0,"132":0,"133":0,"137":0,"139":0,"140":0,"141":0,"147":0,"148":0,"150":0,"151":0,"155":0,"156":0,"160":0,"164":0,"165":0,"171":0,"172":0,"173":0,"174":0,"175":0,"177":0},"path":"/Users/ajla/Thales/contracts/contracts/EscrowAndStaking/LPStakingRewards.sol","s":{},"b":{"1":[0,0],"2":[0,0],"3":[0,0],"4":[0,0],"5":[0,0],"6":[0,0],"7":[0,0],"8":[0,0],"9":[0,0],"10":[0,0],"11":[0,0]},"f":{"1":0,"2":0,"3":0,"4":0,"5":0,"6":0,"7":0,"8":0,"9":0,"10":0,"11":0,"12":0,"13":0,"14":0,"15":0,"16":0},"fnMap":{"1":{"name":"initialize","line":41,"loc":{"start":{"line":36,"column":4},"end":{"line":47,"column":4}}},"2":{"name":"totalSupply","line":51,"loc":{"start":{"line":51,"column":4},"end":{"line":53,"column":4}}},"3":{"name":"balanceOf","line":55,"loc":{"start":{"line":55,"column":4},"end":{"line":57,"column":4}}},"4":{"name":"lastTimeRewardApplicable","line":59,"loc":{"start":{"line":59,"column":4},"end":{"line":61,"column":4}}},"5":{"name":"rewardPerToken","line":63,"loc":{"start":{"line":63,"column":4},"end":{"line":71,"column":4}}},"6":{"name":"earned","line":73,"loc":{"start":{"line":73,"column":4},"end":{"line":75,"column":4}}},"7":{"name":"getRewardForDuration","line":77,"loc":{"start":{"line":77,"column":4},"end":{"line":79,"column":4}}},"8":{"name":"stake","line":83,"loc":{"start":{"line":83,"column":4},"end":{"line":89,"column":4}}},"9":{"name":"withdraw","line":91,"loc":{"start":{"line":91,"column":4},"end":{"line":97,"column":4}}},"10":{"name":"getReward","line":99,"loc":{"start":{"line":99,"column":4},"end":{"line":106,"column":4}}},"11":{"name":"exit","line":108,"loc":{"start":{"line":108,"column":4},"end":{"line":111,"column":4}}},"12":{"name":"notifyRewardAmount","line":115,"loc":{"start":{"line":115,"column":4},"end":{"line":134,"column":4}}},"13":{"name":"addReward","line":136,"loc":{"start":{"line":136,"column":4},"end":{"line":152,"column":4}}},"14":{"name":"recoverERC20","line":154,"loc":{"start":{"line":154,"column":4},"end":{"line":157,"column":4}}},"15":{"name":"setRewardsDuration","line":159,"loc":{"start":{"line":159,"column":4},"end":{"line":166,"column":4}}},"16":{"name":"updateReward","line":170,"loc":{"start":{"line":170,"column":4},"end":{"line":178,"column":4}}}},"statementMap":{},"branchMap":{"1":{"line":64,"type":"if","locations":[{"start":{"line":64,"column":8},"end":{"line":64,"column":8}},{"start":{"line":64,"column":8},"end":{"line":64,"column":8}}]},"2":{"line":84,"type":"if","locations":[{"start":{"line":84,"column":8},"end":{"line":84,"column":8}},{"start":{"line":84,"column":8},"end":{"line":84,"column":8}}]},"3":{"line":92,"type":"if","locations":[{"start":{"line":92,"column":8},"end":{"line":92,"column":8}},{"start":{"line":92,"column":8},"end":{"line":92,"column":8}}]},"4":{"line":101,"type":"if","locations":[{"start":{"line":101,"column":8},"end":{"line":101,"column":8}},{"start":{"line":101,"column":8},"end":{"line":101,"column":8}}]},"5":{"line":116,"type":"if","locations":[{"start":{"line":116,"column":8},"end":{"line":116,"column":8}},{"start":{"line":116,"column":8},"end":{"line":116,"column":8}}]},"6":{"line":129,"type":"if","locations":[{"start":{"line":129,"column":8},"end":{"line":129,"column":8}},{"start":{"line":129,"column":8},"end":{"line":129,"column":8}}]},"7":{"line":137,"type":"if","locations":[{"start":{"line":137,"column":8},"end":{"line":137,"column":8}},{"start":{"line":137,"column":8},"end":{"line":137,"column":8}}]},"8":{"line":148,"type":"if","locations":[{"start":{"line":148,"column":8},"end":{"line":148,"column":8}},{"start":{"line":148,"column":8},"end":{"line":148,"column":8}}]},"9":{"line":155,"type":"if","locations":[{"start":{"line":155,"column":8},"end":{"line":155,"column":8}},{"start":{"line":155,"column":8},"end":{"line":155,"column":8}}]},"10":{"line":160,"type":"if","locations":[{"start":{"line":160,"column":8},"end":{"line":160,"column":8}},{"start":{"line":160,"column":8},"end":{"line":160,"column":8}}]},"11":{"line":173,"type":"if","locations":[{"start":{"line":173,"column":8},"end":{"line":173,"column":8}},{"start":{"line":173,"column":8},"end":{"line":173,"column":8}}]}}},"contracts/EscrowAndStaking/StakingThales.sol":{"l":{"111":58,"112":58,"113":58,"114":58,"115":58,"116":58,"117":58,"118":58,"119":58,"120":58,"121":58,"127":1,"131":21,"135":0,"139":9,"143":1,"147":1,"151":1,"155":2,"159":5,"163":29,"164":29,"168":36,"169":36,"173":2,"174":2,"178":31,"179":31,"183":0,"184":0,"188":0,"189":0,"193":0,"194":0,"195":0,"199":1,"200":1,"204":2,"205":2,"209":2,"210":2,"214":2,"215":2,"219":2,"220":2,"224":2,"225":2,"229":2,"230":2,"231":2,"235":0,"236":0,"237":0,"241":0,"242":0,"243":0,"247":0,"248":0,"249":0,"253":2,"254":2,"255":2,"259":19,"260":19,"261":19,"266":0,"267":0,"269":0,"270":0,"271":0,"275":29,"276":29,"277":29,"281":24,"282":0,"285":24,"290":1,"294":54,"300":19,"302":35,"310":0,"314":4,"315":4,"316":0,"318":4,"320":4,"327":1,"328":1,"330":1,"334":2,"335":2,"336":0,"338":2,"347":0,"348":0,"349":0,"353":2,"354":2,"355":0,"357":2,"364":0,"365":0,"366":0,"370":2,"371":2,"372":2,"373":2,"377":1,"378":1,"380":1,"381":1,"385":0,"389":6,"390":6,"394":6,"395":6,"396":0,"398":6,"399":6,"400":6,"404":1,"408":1,"414":11,"415":11,"416":11,"417":11,"418":11,"419":11,"420":11,"421":11,"422":11,"423":11,"424":11,"428":34,"429":22,"434":20,"435":20,"436":20,"438":20,"443":20,"444":20,"446":20,"448":20,"449":20,"451":20,"455":11,"456":11,"457":11,"461":11,"465":11,"466":1,"468":11,"471":11,"472":10,"473":0,"479":11,"480":11,"481":11,"483":11,"487":0,"488":0,"489":0,"493":0,"496":0,"497":0,"501":0,"502":0,"503":0,"509":0,"510":0,"511":0,"513":0,"517":6,"518":6,"519":6,"521":6,"522":3,"524":5,"525":5,"526":5,"527":5,"528":5,"531":5,"532":3,"533":3,"539":5,"543":0,"546":0,"547":0,"548":0,"554":0,"555":0,"558":0,"559":0,"560":0,"561":0,"563":0,"567":7,"568":7,"572":3,"573":3,"574":3,"575":3,"576":3,"580":4,"584":0,"585":0,"586":0,"587":0,"588":0,"589":0,"591":0,"596":0,"602":8,"603":8,"606":8,"607":8,"608":8,"609":2,"610":2,"611":2,"612":2,"615":8,"616":8,"618":7,"620":6,"621":6,"622":6,"624":6,"627":7,"631":34,"632":34,"633":17,"635":17,"636":17,"638":0,"643":9,"644":9,"645":2,"648":7,"656":5,"657":5,"658":5,"659":5,"660":5,"661":0,"663":5,"668":4,"669":4,"670":0,"672":4,"673":16,"674":16,"676":4},"path":"/Users/ajla/Thales/contracts/contracts/EscrowAndStaking/StakingThales.sol","s":{},"b":{"1":[0,0],"2":[2,0],"3":[0,0],"4":[0,0],"5":[0,0],"6":[2,0],"7":[19,0],"8":[0,0],"9":[29,0],"10":[0,24],"11":[19,35],"12":[0,4],"13":[0,2],"14":[0,2],"15":[1,0],"16":[0,6],"17":[11,0],"18":[22,12],"19":[20,2],"20":[11,0],"21":[11,0],"22":[11,0],"23":[11,0],"24":[1,10],"25":[10,1],"26":[0,10],"27":[0,0],"28":[0,0],"29":[0,0],"30":[0,0],"31":[0,0],"32":[0,0],"33":[0,0],"34":[6,0],"35":[6,0],"36":[6,0],"37":[3,3],"38":[3,2],"39":[3,0],"40":[0,0],"41":[0,0],"42":[0,0],"43":[0,0],"44":[7,0],"45":[3,4],"46":[0,0],"47":[0,0],"48":[0,0],"49":[8,0],"50":[8,0],"51":[8,0],"52":[2,6],"53":[7,1],"54":[17,17],"55":[17,0],"56":[2,7],"57":[0,5],"58":[0,4],"59":[16,0]},"f":{"1":58,"2":1,"3":21,"4":0,"5":9,"6":1,"7":1,"8":1,"9":2,"10":5,"11":29,"12":36,"13":2,"14":31,"15":0,"16":0,"17":0,"18":1,"19":2,"20":2,"21":2,"22":2,"23":2,"24":2,"25":0,"26":0,"27":0,"28":2,"29":19,"30":0,"31":29,"32":24,"33":1,"34":54,"35":0,"36":4,"37":1,"38":2,"39":0,"40":2,"41":0,"42":2,"43":1,"44":0,"45":6,"46":6,"47":1,"48":1,"49":11,"50":34,"51":11,"52":0,"53":6,"54":0,"55":7,"56":4,"57":0,"58":8,"59":34,"60":9,"61":5,"62":4},"fnMap":{"1":{"name":"initialize","line":110,"loc":{"start":{"line":102,"column":4},"end":{"line":122,"column":4}}},"2":{"name":"totalStakedAmount","line":126,"loc":{"start":{"line":126,"column":4},"end":{"line":128,"column":4}}},"3":{"name":"stakedBalanceOf","line":130,"loc":{"start":{"line":130,"column":4},"end":{"line":132,"column":4}}},"4":{"name":"getLastPeriodOfClaimedRewards","line":134,"loc":{"start":{"line":134,"column":4},"end":{"line":136,"column":4}}},"5":{"name":"getRewardsAvailable","line":138,"loc":{"start":{"line":138,"column":4},"end":{"line":140,"column":4}}},"6":{"name":"getRewardFeesAvailable","line":142,"loc":{"start":{"line":142,"column":4},"end":{"line":144,"column":4}}},"7":{"name":"getAlreadyClaimedRewards","line":146,"loc":{"start":{"line":146,"column":4},"end":{"line":148,"column":4}}},"8":{"name":"getAlreadyClaimedFees","line":150,"loc":{"start":{"line":150,"column":4},"end":{"line":152,"column":4}}},"9":{"name":"getContractRewardFunds","line":154,"loc":{"start":{"line":154,"column":4},"end":{"line":156,"column":4}}},"10":{"name":"getContractFeeFunds","line":158,"loc":{"start":{"line":158,"column":4},"end":{"line":160,"column":4}}},"11":{"name":"setDistributeFeesEnabled","line":162,"loc":{"start":{"line":162,"column":4},"end":{"line":165,"column":4}}},"12":{"name":"setFixedPeriodReward","line":167,"loc":{"start":{"line":167,"column":4},"end":{"line":170,"column":4}}},"13":{"name":"setPeriodExtraReward","line":172,"loc":{"start":{"line":172,"column":4},"end":{"line":175,"column":4}}},"14":{"name":"setClaimEnabled","line":177,"loc":{"start":{"line":177,"column":4},"end":{"line":180,"column":4}}},"15":{"name":"setDurationPeriod","line":182,"loc":{"start":{"line":182,"column":4},"end":{"line":185,"column":4}}},"16":{"name":"setUnstakeDurationPeriod","line":187,"loc":{"start":{"line":187,"column":4},"end":{"line":190,"column":4}}},"17":{"name":"setSNXRewards","line":192,"loc":{"start":{"line":192,"column":4},"end":{"line":196,"column":4}}},"18":{"name":"setExtraRewards","line":198,"loc":{"start":{"line":198,"column":4},"end":{"line":201,"column":4}}},"19":{"name":"setMaxSNXRewardsPercentage","line":203,"loc":{"start":{"line":203,"column":4},"end":{"line":206,"column":4}}},"20":{"name":"setMaxAMMVolumeRewardsPercentage","line":208,"loc":{"start":{"line":208,"column":4},"end":{"line":211,"column":4}}},"21":{"name":"setAMMVolumeRewardsMultiplier","line":213,"loc":{"start":{"line":213,"column":4},"end":{"line":216,"column":4}}},"22":{"name":"setSNXVolumeRewardsMultiplier","line":218,"loc":{"start":{"line":218,"column":4},"end":{"line":221,"column":4}}},"23":{"name":"setMaxThalesRoyaleRewardsPercentage","line":223,"loc":{"start":{"line":223,"column":4},"end":{"line":226,"column":4}}},"24":{"name":"setThalesRoyale","line":228,"loc":{"start":{"line":228,"column":4},"end":{"line":232,"column":4}}},"25":{"name":"setThalesAMM","line":234,"loc":{"start":{"line":234,"column":4},"end":{"line":238,"column":4}}},"26":{"name":"setThalesRangedAMM","line":240,"loc":{"start":{"line":240,"column":4},"end":{"line":244,"column":4}}},"27":{"name":"setExoticBonds","line":246,"loc":{"start":{"line":246,"column":4},"end":{"line":250,"column":4}}},"28":{"name":"setPriceFeed","line":252,"loc":{"start":{"line":252,"column":4},"end":{"line":256,"column":4}}},"29":{"name":"setThalesStakingRewardsPool","line":258,"loc":{"start":{"line":258,"column":4},"end":{"line":262,"column":4}}},"30":{"name":"setEscrow","line":265,"loc":{"start":{"line":265,"column":4},"end":{"line":272,"column":4}}},"31":{"name":"setAddressResolver","line":274,"loc":{"start":{"line":274,"column":4},"end":{"line":278,"column":4}}},"32":{"name":"getSNXRewardsAddress","line":280,"loc":{"start":{"line":280,"column":4},"end":{"line":287,"column":4}}},"33":{"name":"getSNXStaked","line":289,"loc":{"start":{"line":289,"column":4},"end":{"line":291,"column":4}}},"34":{"name":"getBaseReward","line":293,"loc":{"start":{"line":293,"column":4},"end":{"line":307,"column":4}}},"35":{"name":"getAMMVolume","line":309,"loc":{"start":{"line":309,"column":4},"end":{"line":311,"column":4}}},"36":{"name":"getSNXBonusPercentage","line":313,"loc":{"start":{"line":313,"column":4},"end":{"line":324,"column":4}}},"37":{"name":"getSNXBonus","line":326,"loc":{"start":{"line":326,"column":4},"end":{"line":331,"column":4}}},"38":{"name":"getAMMBonusPercentage","line":333,"loc":{"start":{"line":333,"column":4},"end":{"line":344,"column":4}}},"39":{"name":"getAMMBonus","line":346,"loc":{"start":{"line":346,"column":4},"end":{"line":350,"column":4}}},"40":{"name":"getThalesRoyaleBonusPercentage","line":352,"loc":{"start":{"line":352,"column":4},"end":{"line":361,"column":4}}},"41":{"name":"getThalesRoyaleBonus","line":363,"loc":{"start":{"line":363,"column":4},"end":{"line":367,"column":4}}},"42":{"name":"getTotalBonusPercentage","line":369,"loc":{"start":{"line":369,"column":4},"end":{"line":374,"column":4}}},"43":{"name":"getTotalBonus","line":376,"loc":{"start":{"line":376,"column":4},"end":{"line":382,"column":4}}},"44":{"name":"canClosePeriod","line":384,"loc":{"start":{"line":384,"column":4},"end":{"line":386,"column":4}}},"45":{"name":"getSNXTargetRatio","line":388,"loc":{"start":{"line":388,"column":4},"end":{"line":391,"column":4}}},"46":{"name":"getCRatio","line":393,"loc":{"start":{"line":393,"column":4},"end":{"line":401,"column":4}}},"47":{"name":"getSNXRateForCurrency","line":403,"loc":{"start":{"line":403,"column":4},"end":{"line":405,"column":4}}},"48":{"name":"getSNXDebt","line":407,"loc":{"start":{"line":407,"column":4},"end":{"line":409,"column":4}}},"49":{"name":"startStakingPeriod","line":413,"loc":{"start":{"line":413,"column":4},"end":{"line":425,"column":4}}},"50":{"name":"closePeriod","line":427,"loc":{"start":{"line":427,"column":4},"end":{"line":452,"column":4}}},"51":{"name":"stake","line":454,"loc":{"start":{"line":454,"column":4},"end":{"line":484,"column":4}}},"52":{"name":"stakeOnBehalf","line":486,"loc":{"start":{"line":486,"column":4},"end":{"line":514,"column":4}}},"53":{"name":"startUnstake","line":516,"loc":{"start":{"line":516,"column":4},"end":{"line":540,"column":4}}},"54":{"name":"cancelUnstake","line":542,"loc":{"start":{"line":542,"column":4},"end":{"line":564,"column":4}}},"55":{"name":"unstake","line":566,"loc":{"start":{"line":566,"column":4},"end":{"line":577,"column":4}}},"56":{"name":"claimReward","line":579,"loc":{"start":{"line":579,"column":4},"end":{"line":581,"column":4}}},"57":{"name":"updateVolume","line":583,"loc":{"start":{"line":583,"column":4},"end":{"line":597,"column":4}}},"58":{"name":"_claimReward","line":601,"loc":{"start":{"line":601,"column":4},"end":{"line":628,"column":4}}},"59":{"name":"_calculateAvailableRewardsToClaim","line":630,"loc":{"start":{"line":630,"column":4},"end":{"line":640,"column":4}}},"60":{"name":"_calculateAvailableFeesToClaim","line":642,"loc":{"start":{"line":642,"column":4},"end":{"line":653,"column":4}}},"61":{"name":"_getSNXStakedForAccount","line":655,"loc":{"start":{"line":655,"column":4},"end":{"line":665,"column":4}}},"62":{"name":"_getTotalAMMVolume","line":667,"loc":{"start":{"line":667,"column":4},"end":{"line":677,"column":4}}}},"statementMap":{},"branchMap":{"1":{"line":193,"type":"if","locations":[{"start":{"line":193,"column":8},"end":{"line":193,"column":8}},{"start":{"line":193,"column":8},"end":{"line":193,"column":8}}]},"2":{"line":229,"type":"if","locations":[{"start":{"line":229,"column":8},"end":{"line":229,"column":8}},{"start":{"line":229,"column":8},"end":{"line":229,"column":8}}]},"3":{"line":235,"type":"if","locations":[{"start":{"line":235,"column":8},"end":{"line":235,"column":8}},{"start":{"line":235,"column":8},"end":{"line":235,"column":8}}]},"4":{"line":241,"type":"if","locations":[{"start":{"line":241,"column":8},"end":{"line":241,"column":8}},{"start":{"line":241,"column":8},"end":{"line":241,"column":8}}]},"5":{"line":247,"type":"if","locations":[{"start":{"line":247,"column":8},"end":{"line":247,"column":8}},{"start":{"line":247,"column":8},"end":{"line":247,"column":8}}]},"6":{"line":253,"type":"if","locations":[{"start":{"line":253,"column":8},"end":{"line":253,"column":8}},{"start":{"line":253,"column":8},"end":{"line":253,"column":8}}]},"7":{"line":259,"type":"if","locations":[{"start":{"line":259,"column":8},"end":{"line":259,"column":8}},{"start":{"line":259,"column":8},"end":{"line":259,"column":8}}]},"8":{"line":266,"type":"if","locations":[{"start":{"line":266,"column":8},"end":{"line":266,"column":8}},{"start":{"line":266,"column":8},"end":{"line":266,"column":8}}]},"9":{"line":275,"type":"if","locations":[{"start":{"line":275,"column":8},"end":{"line":275,"column":8}},{"start":{"line":275,"column":8},"end":{"line":275,"column":8}}]},"10":{"line":281,"type":"if","locations":[{"start":{"line":281,"column":8},"end":{"line":281,"column":8}},{"start":{"line":281,"column":8},"end":{"line":281,"column":8}}]},"11":{"line":294,"type":"if","locations":[{"start":{"line":294,"column":8},"end":{"line":294,"column":8}},{"start":{"line":294,"column":8},"end":{"line":294,"column":8}}]},"12":{"line":315,"type":"if","locations":[{"start":{"line":315,"column":8},"end":{"line":315,"column":8}},{"start":{"line":315,"column":8},"end":{"line":315,"column":8}}]},"13":{"line":335,"type":"if","locations":[{"start":{"line":335,"column":8},"end":{"line":335,"column":8}},{"start":{"line":335,"column":8},"end":{"line":335,"column":8}}]},"14":{"line":354,"type":"if","locations":[{"start":{"line":354,"column":8},"end":{"line":354,"column":8}},{"start":{"line":354,"column":8},"end":{"line":354,"column":8}}]},"15":{"line":380,"type":"if","locations":[{"start":{"line":380,"column":8},"end":{"line":380,"column":8}},{"start":{"line":380,"column":8},"end":{"line":380,"column":8}}]},"16":{"line":395,"type":"if","locations":[{"start":{"line":395,"column":8},"end":{"line":395,"column":8}},{"start":{"line":395,"column":8},"end":{"line":395,"column":8}}]},"17":{"line":414,"type":"if","locations":[{"start":{"line":414,"column":8},"end":{"line":414,"column":8}},{"start":{"line":414,"column":8},"end":{"line":414,"column":8}}]},"18":{"line":428,"type":"if","locations":[{"start":{"line":428,"column":8},"end":{"line":428,"column":8}},{"start":{"line":428,"column":8},"end":{"line":428,"column":8}}]},"19":{"line":429,"type":"if","locations":[{"start":{"line":429,"column":8},"end":{"line":429,"column":8}},{"start":{"line":429,"column":8},"end":{"line":429,"column":8}}]},"20":{"line":455,"type":"if","locations":[{"start":{"line":455,"column":8},"end":{"line":455,"column":8}},{"start":{"line":455,"column":8},"end":{"line":455,"column":8}}]},"21":{"line":456,"type":"if","locations":[{"start":{"line":456,"column":8},"end":{"line":456,"column":8}},{"start":{"line":456,"column":8},"end":{"line":456,"column":8}}]},"22":{"line":457,"type":"if","locations":[{"start":{"line":457,"column":8},"end":{"line":457,"column":8}},{"start":{"line":457,"column":8},"end":{"line":457,"column":8}}]},"23":{"line":461,"type":"if","locations":[{"start":{"line":461,"column":8},"end":{"line":461,"column":8}},{"start":{"line":461,"column":8},"end":{"line":461,"column":8}}]},"24":{"line":465,"type":"if","locations":[{"start":{"line":465,"column":8},"end":{"line":465,"column":8}},{"start":{"line":465,"column":8},"end":{"line":465,"column":8}}]},"25":{"line":471,"type":"if","locations":[{"start":{"line":471,"column":8},"end":{"line":471,"column":8}},{"start":{"line":471,"column":8},"end":{"line":471,"column":8}}]},"26":{"line":472,"type":"if","locations":[{"start":{"line":472,"column":12},"end":{"line":472,"column":12}},{"start":{"line":472,"column":12},"end":{"line":472,"column":12}}]},"27":{"line":487,"type":"if","locations":[{"start":{"line":487,"column":8},"end":{"line":487,"column":8}},{"start":{"line":487,"column":8},"end":{"line":487,"column":8}}]},"28":{"line":488,"type":"if","locations":[{"start":{"line":488,"column":8},"end":{"line":488,"column":8}},{"start":{"line":488,"column":8},"end":{"line":488,"column":8}}]},"29":{"line":489,"type":"if","locations":[{"start":{"line":489,"column":8},"end":{"line":489,"column":8}},{"start":{"line":489,"column":8},"end":{"line":489,"column":8}}]},"30":{"line":493,"type":"if","locations":[{"start":{"line":493,"column":8},"end":{"line":493,"column":8}},{"start":{"line":493,"column":8},"end":{"line":493,"column":8}}]},"31":{"line":496,"type":"if","locations":[{"start":{"line":496,"column":8},"end":{"line":496,"column":8}},{"start":{"line":496,"column":8},"end":{"line":496,"column":8}}]},"32":{"line":501,"type":"if","locations":[{"start":{"line":501,"column":8},"end":{"line":501,"column":8}},{"start":{"line":501,"column":8},"end":{"line":501,"column":8}}]},"33":{"line":502,"type":"if","locations":[{"start":{"line":502,"column":12},"end":{"line":502,"column":12}},{"start":{"line":502,"column":12},"end":{"line":502,"column":12}}]},"34":{"line":517,"type":"if","locations":[{"start":{"line":517,"column":8},"end":{"line":517,"column":8}},{"start":{"line":517,"column":8},"end":{"line":517,"column":8}}]},"35":{"line":518,"type":"if","locations":[{"start":{"line":518,"column":8},"end":{"line":518,"column":8}},{"start":{"line":518,"column":8},"end":{"line":518,"column":8}}]},"36":{"line":519,"type":"if","locations":[{"start":{"line":519,"column":8},"end":{"line":519,"column":8}},{"start":{"line":519,"column":8},"end":{"line":519,"column":8}}]},"37":{"line":521,"type":"if","locations":[{"start":{"line":521,"column":8},"end":{"line":521,"column":8}},{"start":{"line":521,"column":8},"end":{"line":521,"column":8}}]},"38":{"line":531,"type":"if","locations":[{"start":{"line":531,"column":8},"end":{"line":531,"column":8}},{"start":{"line":531,"column":8},"end":{"line":531,"column":8}}]},"39":{"line":532,"type":"if","locations":[{"start":{"line":532,"column":12},"end":{"line":532,"column":12}},{"start":{"line":532,"column":12},"end":{"line":532,"column":12}}]},"40":{"line":543,"type":"if","locations":[{"start":{"line":543,"column":8},"end":{"line":543,"column":8}},{"start":{"line":543,"column":8},"end":{"line":543,"column":8}}]},"41":{"line":546,"type":"if","locations":[{"start":{"line":546,"column":8},"end":{"line":546,"column":8}},{"start":{"line":546,"column":8},"end":{"line":546,"column":8}}]},"42":{"line":547,"type":"if","locations":[{"start":{"line":547,"column":12},"end":{"line":547,"column":12}},{"start":{"line":547,"column":12},"end":{"line":547,"column":12}}]},"43":{"line":554,"type":"if","locations":[{"start":{"line":554,"column":8},"end":{"line":554,"column":8}},{"start":{"line":554,"column":8},"end":{"line":554,"column":8}}]},"44":{"line":567,"type":"if","locations":[{"start":{"line":567,"column":8},"end":{"line":567,"column":8}},{"start":{"line":567,"column":8},"end":{"line":567,"column":8}}]},"45":{"line":568,"type":"if","locations":[{"start":{"line":568,"column":8},"end":{"line":568,"column":8}},{"start":{"line":568,"column":8},"end":{"line":568,"column":8}}]},"46":{"line":584,"type":"if","locations":[{"start":{"line":584,"column":8},"end":{"line":584,"column":8}},{"start":{"line":584,"column":8},"end":{"line":584,"column":8}}]},"47":{"line":585,"type":"if","locations":[{"start":{"line":585,"column":8},"end":{"line":585,"column":8}},{"start":{"line":585,"column":8},"end":{"line":585,"column":8}}]},"48":{"line":586,"type":"if","locations":[{"start":{"line":586,"column":8},"end":{"line":586,"column":8}},{"start":{"line":586,"column":8},"end":{"line":586,"column":8}}]},"49":{"line":602,"type":"if","locations":[{"start":{"line":602,"column":8},"end":{"line":602,"column":8}},{"start":{"line":602,"column":8},"end":{"line":602,"column":8}}]},"50":{"line":603,"type":"if","locations":[{"start":{"line":603,"column":8},"end":{"line":603,"column":8}},{"start":{"line":603,"column":8},"end":{"line":603,"column":8}}]},"51":{"line":606,"type":"if","locations":[{"start":{"line":606,"column":8},"end":{"line":606,"column":8}},{"start":{"line":606,"column":8},"end":{"line":606,"column":8}}]},"52":{"line":608,"type":"if","locations":[{"start":{"line":608,"column":12},"end":{"line":608,"column":12}},{"start":{"line":608,"column":12},"end":{"line":608,"column":12}}]},"53":{"line":616,"type":"if","locations":[{"start":{"line":616,"column":8},"end":{"line":616,"column":8}},{"start":{"line":616,"column":8},"end":{"line":616,"column":8}}]},"54":{"line":632,"type":"if","locations":[{"start":{"line":632,"column":8},"end":{"line":632,"column":8}},{"start":{"line":632,"column":8},"end":{"line":632,"column":8}}]},"55":{"line":635,"type":"if","locations":[{"start":{"line":635,"column":8},"end":{"line":635,"column":8}},{"start":{"line":635,"column":8},"end":{"line":635,"column":8}}]},"56":{"line":644,"type":"if","locations":[{"start":{"line":644,"column":8},"end":{"line":644,"column":8}},{"start":{"line":644,"column":8},"end":{"line":644,"column":8}}]},"57":{"line":660,"type":"if","locations":[{"start":{"line":660,"column":8},"end":{"line":660,"column":8}},{"start":{"line":660,"column":8},"end":{"line":660,"column":8}}]},"58":{"line":669,"type":"if","locations":[{"start":{"line":669,"column":8},"end":{"line":669,"column":8}},{"start":{"line":669,"column":8},"end":{"line":669,"column":8}}]},"59":{"line":673,"type":"if","locations":[{"start":{"line":673,"column":12},"end":{"line":673,"column":12}},{"start":{"line":673,"column":12},"end":{"line":673,"column":12}}]}}},"contracts/EscrowAndStaking/ThalesStakingRewardsPool.sol":{"l":{"34":20,"35":20,"36":20,"37":20,"38":20,"39":20,"43":0,"44":0,"45":0,"49":0,"50":0,"52":0,"53":0,"54":0,"58":0,"59":0,"60":0,"62":0,"63":0,"64":0,"69":7,"70":7,"71":7,"76":7,"77":6},"path":"/Users/ajla/Thales/contracts/contracts/EscrowAndStaking/ThalesStakingRewardsPool.sol","s":{},"b":{"1":[0,0],"2":[0,0],"3":[0,0],"4":[0,0],"5":[7,0],"6":[7,0],"7":[7,0]},"f":{"1":20,"2":0,"3":0,"4":0,"5":7},"fnMap":{"1":{"name":"initialize","line":33,"loc":{"start":{"line":28,"column":4},"end":{"line":40,"column":4}}},"2":{"name":"setStakingThalesContract","line":42,"loc":{"start":{"line":42,"column":4},"end":{"line":46,"column":4}}},"3":{"name":"setEscrow","line":48,"loc":{"start":{"line":48,"column":4},"end":{"line":55,"column":4}}},"4":{"name":"setRewardToken","line":57,"loc":{"start":{"line":57,"column":4},"end":{"line":65,"column":4}}},"5":{"name":"addToEscrow","line":68,"loc":{"start":{"line":68,"column":4},"end":{"line":79,"column":4}}}},"statementMap":{},"branchMap":{"1":{"line":43,"type":"if","locations":[{"start":{"line":43,"column":8},"end":{"line":43,"column":8}},{"start":{"line":43,"column":8},"end":{"line":43,"column":8}}]},"2":{"line":49,"type":"if","locations":[{"start":{"line":49,"column":8},"end":{"line":49,"column":8}},{"start":{"line":49,"column":8},"end":{"line":49,"column":8}}]},"3":{"line":58,"type":"if","locations":[{"start":{"line":58,"column":8},"end":{"line":58,"column":8}},{"start":{"line":58,"column":8},"end":{"line":58,"column":8}}]},"4":{"line":59,"type":"if","locations":[{"start":{"line":59,"column":8},"end":{"line":59,"column":8}},{"start":{"line":59,"column":8},"end":{"line":59,"column":8}}]},"5":{"line":69,"type":"if","locations":[{"start":{"line":69,"column":8},"end":{"line":69,"column":8}},{"start":{"line":69,"column":8},"end":{"line":69,"column":8}}]},"6":{"line":70,"type":"if","locations":[{"start":{"line":70,"column":8},"end":{"line":70,"column":8}},{"start":{"line":70,"column":8},"end":{"line":70,"column":8}}]},"7":{"line":71,"type":"if","locations":[{"start":{"line":71,"column":8},"end":{"line":71,"column":8}},{"start":{"line":71,"column":8},"end":{"line":71,"column":8}}]}}},"contracts/exchange_L1_L2/ThalesExchanger.sol":{"l":{"38":64,"39":64,"40":64,"41":64,"42":64,"43":64,"44":64,"45":64,"46":64,"50":2,"51":2,"55":2,"56":2,"60":2,"61":2,"65":8,"66":8,"70":0,"71":0,"75":2,"76":2,"77":2,"79":2,"80":2,"81":2,"85":0,"86":0,"90":12,"91":12,"92":8,"93":4,"94":4,"98":12,"99":12,"100":8,"101":4,"102":4,"106":18,"107":14,"108":10,"109":4,"110":4,"111":4,"115":1,"116":1,"117":1,"118":1,"119":1,"120":1,"121":1,"130":8,"131":4,"132":4,"134":4,"135":4},"path":"/Users/ajla/Thales/contracts/contracts/exchange_L1_L2/ThalesExchanger.sol","s":{},"b":{"1":[2,0],"2":[2,0],"3":[0,0],"4":[12,0],"5":[8,4],"6":[4,4],"7":[12,0],"8":[8,4],"9":[4,4],"10":[14,4],"11":[10,4],"12":[4,6],"13":[1,0],"14":[1,0],"15":[1,0],"16":[1,0],"17":[4,4]},"f":{"1":64,"2":2,"3":2,"4":2,"5":8,"6":
[...]
e":50,"column":8}}]},"2":{"line":51,"type":"if","locations":[{"start":{"line":51,"column":12},"end":{"line":51,"column":12}},{"start":{"line":51,"column":12},"end":{"line":51,"column":12}}]},"3":{"line":60,"type":"if","locations":[{"start":{"line":60,"column":8},"end":{"line":60,"column":8}},{"start":{"line":60,"column":8},"end":{"line":60,"column":8}}]},"4":{"line":132,"type":"if","locations":[{"start":{"line":132,"column":8},"end":{"line":132,"column":8}},{"start":{"line":132,"column":8},"end":{"line":132,"column":8}}]},"5":{"line":135,"type":"if","locations":[{"start":{"line":135,"column":8},"end":{"line":135,"column":8}},{"start":{"line":135,"column":8},"end":{"line":135,"column":8}}]},"6":{"line":136,"type":"if","locations":[{"start":{"line":136,"column":8},"end":{"line":136,"column":8}},{"start":{"line":136,"column":8},"end":{"line":136,"column":8}}]},"7":{"line":137,"type":"if","locations":[{"start":{"line":137,"column":8},"end":{"line":137,"column":8}},{"start":{"line":137,"column":8},"end":{"line":137,"column":8}}]},"8":{"line":138,"type":"if","locations":[{"start":{"line":138,"column":8},"end":{"line":138,"column":8}},{"start":{"line":138,"column":8},"end":{"line":138,"column":8}}]},"9":{"line":139,"type":"if","locations":[{"start":{"line":139,"column":8},"end":{"line":139,"column":8}},{"start":{"line":139,"column":8},"end":{"line":139,"column":8}}]},"10":{"line":140,"type":"if","locations":[{"start":{"line":140,"column":8},"end":{"line":140,"column":8}},{"start":{"line":140,"column":8},"end":{"line":140,"column":8}}]},"11":{"line":141,"type":"if","locations":[{"start":{"line":141,"column":8},"end":{"line":141,"column":8}},{"start":{"line":141,"column":8},"end":{"line":141,"column":8}}]},"12":{"line":142,"type":"if","locations":[{"start":{"line":142,"column":8},"end":{"line":142,"column":8}},{"start":{"line":142,"column":8},"end":{"line":142,"column":8}}]},"13":{"line":143,"type":"if","locations":[{"start":{"line":143,"column":8},"end":{"line":143,"column":8}},{"start":{"line":143,"column":8},"end":{"line":143,"column":8}}]},"14":{"line":144,"type":"if","locations":[{"start":{"line":144,"column":8},"end":{"line":144,"column":8}},{"start":{"line":144,"column":8},"end":{"line":144,"column":8}}]},"15":{"line":145,"type":"if","locations":[{"start":{"line":145,"column":8},"end":{"line":145,"column":8}},{"start":{"line":145,"column":8},"end":{"line":145,"column":8}}]},"16":{"line":146,"type":"if","locations":[{"start":{"line":146,"column":8},"end":{"line":146,"column":8}},{"start":{"line":146,"column":8},"end":{"line":146,"column":8}}]},"17":{"line":147,"type":"if","locations":[{"start":{"line":147,"column":8},"end":{"line":147,"column":8}},{"start":{"line":147,"column":8},"end":{"line":147,"column":8}}]},"18":{"line":148,"type":"if","locations":[{"start":{"line":148,"column":8},"end":{"line":148,"column":8}},{"start":{"line":148,"column":8},"end":{"line":148,"column":8}}]},"19":{"line":149,"type":"if","locations":[{"start":{"line":149,"column":8},"end":{"line":149,"column":8}},{"start":{"line":149,"column":8},"end":{"line":149,"column":8}}]},"20":{"line":150,"type":"if","locations":[{"start":{"line":150,"column":8},"end":{"line":150,"column":8}},{"start":{"line":150,"column":8},"end":{"line":150,"column":8}}]},"21":{"line":151,"type":"if","locations":[{"start":{"line":151,"column":8},"end":{"line":151,"column":8}},{"start":{"line":151,"column":8},"end":{"line":151,"column":8}}]},"22":{"line":152,"type":"if","locations":[{"start":{"line":152,"column":8},"end":{"line":152,"column":8}},{"start":{"line":152,"column":8},"end":{"line":152,"column":8}}]},"23":{"line":153,"type":"if","locations":[{"start":{"line":153,"column":8},"end":{"line":153,"column":8}},{"start":{"line":153,"column":8},"end":{"line":153,"column":8}}]},"24":{"line":155,"type":"if","locations":[{"start":{"line":155,"column":8},"end":{"line":155,"column":8}},{"start":{"line":155,"column":8},"end":{"line":155,"column":8}}]},"25":{"line":170,"type":"if","locations":[{"start":{"line":170,"column":8},"end":{"line":170,"column":8}},{"start":{"line":170,"column":8},"end":{"line":170,"column":8}}]},"26":{"line":216,"type":"if","locations":[{"start":{"line":216,"column":8},"end":{"line":216,"column":8}},{"start":{"line":216,"column":8},"end":{"line":216,"column":8}}]}}},"contracts/utils/Owned.sol":{"l":{"10":136,"11":136,"12":136,"16":0,"17":0,"21":0,"22":0,"23":0,"24":0,"28":57,"29":56,"33":57},"path":"/Users/ajla/Thales/contracts/contracts/utils/Owned.sol","s":{},"b":{"1":[136,0],"2":[0,0],"3":[56,1]},"f":{"1":136,"2":0,"3":0,"4":57,"5":57},"fnMap":{"1":{"name":"constructor","line":9,"loc":{"start":{"line":9,"column":4},"end":{"line":13,"column":4}}},"2":{"name":"nominateNewOwner","line":15,"loc":{"start":{"line":15,"column":4},"end":{"line":18,"column":4}}},"3":{"name":"acceptOwnership","line":20,"loc":{"start":{"line":20,"column":4},"end":{"line":25,"column":4}}},"4":{"name":"onlyOwner","line":27,"loc":{"start":{"line":27,"column":4},"end":{"line":30,"column":4}}},"5":{"name":"_onlyOwner","line":32,"loc":{"start":{"line":32,"column":4},"end":{"line":34,"column":4}}}},"statementMap":{},"branchMap":{"1":{"line":10,"type":"if","locations":[{"start":{"line":10,"column":8},"end":{"line":10,"column":8}},{"start":{"line":10,"column":8},"end":{"line":10,"column":8}}]},"2":{"line":21,"type":"if","locations":[{"start":{"line":21,"column":8},"end":{"line":21,"column":8}},{"start":{"line":21,"column":8},"end":{"line":21,"column":8}}]},"3":{"line":33,"type":"if","locations":[{"start":{"line":33,"column":8},"end":{"line":33,"column":8}},{"start":{"line":33,"column":8},"end":{"line":33,"column":8}}]}}},"contracts/utils/Pausable.sol":{"l":{"13":54,"23":0,"24":0,"28":0,"31":0,"32":0,"36":0,"42":8,"43":8},"path":"/Users/ajla/Thales/contracts/contracts/utils/Pausable.sol","s":{},"b":{"1":[54,0],"2":[0,0],"3":[0,0],"4":[8,0]},"f":{"1":54,"2":0,"3":8},"fnMap":{"1":{"name":"constructor","line":11,"loc":{"start":{"line":11,"column":4},"end":{"line":15,"column":4}}},"2":{"name":"setPaused","line":21,"loc":{"start":{"line":21,"column":4},"end":{"line":37,"column":4}}},"3":{"name":"notPaused","line":41,"loc":{"start":{"line":41,"column":4},"end":{"line":44,"column":4}}}},"statementMap":{},"branchMap":{"1":{"line":13,"type":"if","locations":[{"start":{"line":13,"column":8},"end":{"line":13,"column":8}},{"start":{"line":13,"column":8},"end":{"line":13,"column":8}}]},"2":{"line":23,"type":"if","locations":[{"start":{"line":23,"column":8},"end":{"line":23,"column":8}},{"start":{"line":23,"column":8},"end":{"line":23,"column":8}}]},"3":{"line":31,"type":"if","locations":[{"start":{"line":31,"column":8},"end":{"line":31,"column":8}},{"start":{"line":31,"column":8},"end":{"line":31,"column":8}}]},"4":{"line":42,"type":"if","locations":[{"start":{"line":42,"column":8},"end":{"line":42,"column":8}},{"start":{"line":42,"column":8},"end":{"line":42,"column":8}}]}}},"contracts/utils/proxy/OwnedUpgradeabilityProxy.sol":{"l":{"26":238,"33":456,"34":440,"42":464,"43":464,"52":242,"53":242,"63":4,"64":4,"65":4,"73":226,"84":210,"85":210},"path":"/Users/ajla/Thales/contracts/contracts/utils/proxy/OwnedUpgradeabilityProxy.sol","s":{},"b":{"1":[440,16],"2":[4,0],"3":[210,0]},"f":{"1":238,"2":456,"3":464,"4":242,"5":4,"6":226,"7":210},"fnMap":{"1":{"name":"constructor","line":25,"loc":{"start":{"line":25,"column":2},"end":{"line":27,"column":2}}},"2":{"name":"onlyProxyOwner","line":32,"loc":{"start":{"line":32,"column":2},"end":{"line":35,"column":2}}},"3":{"name":"proxyOwner","line":41,"loc":{"start":{"line":41,"column":2},"end":{"line":46,"column":2}}},"4":{"name":"setUpgradeabilityOwner","line":51,"loc":{"start":{"line":51,"column":2},"end":{"line":56,"column":2}}},"5":{"name":"transferProxyOwnership","line":62,"loc":{"start":{"line":62,"column":2},"end":{"line":66,"column":2}}},"6":{"name":"upgradeTo","line":72,"loc":{"start":{"line":72,"column":2},"end":{"line":74,"column":2}}},"7":{"name":"upgradeToAndCall","line":83,"loc":{"start":{"line":83,"column":2},"end":{"line":86,"column":2}}}},"statementMap":{},"branchMap":{"1":{"line":33,"type":"if","locations":[{"start":{"line":33,"column":4},"end":{"line":33,"column":4}},{"start":{"line":33,"column":4},"end":{"line":33,"column":4}}]},"2":{"line":63,"type":"if","locations":[{"start":{"line":63,"column":4},"end":{"line":63,"column":4}},{"start":{"line":63,"column":4},"end":{"line":63,"column":4}}]},"3":{"line":85,"type":"if","locations":[{"start":{"line":85,"column":4},"end":{"line":85,"column":4}},{"start":{"line":85,"column":4},"end":{"line":85,"column":4}}]}}},"contracts/utils/proxy/Proxy.sol":{"l":{"21":2040,"22":2040,"24":2038},"path":"/Users/ajla/Thales/contracts/contracts/utils/proxy/Proxy.sol","s":{},"b":{"1":[2038,2]},"f":{"1":2040},"fnMap":{"1":{"name":"","line":20,"loc":{"start":{"line":20,"column":2},"end":{"line":35,"column":2}}}},"statementMap":{},"branchMap":{"1":{"line":22,"type":"if","locations":[{"start":{"line":22,"column":4},"end":{"line":22,"column":4}},{"start":{"line":22,"column":4},"end":{"line":22,"column":4}}]}}},"contracts/utils/proxy/ProxyOwned.sol":{"l":{"13":223,"14":223,"15":223,"16":223,"17":223,"21":1,"22":1,"26":1,"27":1,"28":1,"29":1,"33":0,"34":0,"35":0,"36":0,"37":0,"41":369,"42":319,"46":369},"path":"/Users/ajla/Thales/contracts/contracts/utils/proxy/ProxyOwned.sol","s":{},"b":{"1":[223,0],"2":[223,0],"3":[1,0],"4":[0,0],"5":[0,0],"6":[319,50]},"f":{"1":223,"2":1,"3":1,"4":0,"5":369,"6":369},"fnMap":{"1":{"name":"setOwner","line":12,"loc":{"start":{"line":12,"column":4},"end":{"line":18,"column":4}}},"2":{"name":"nominateNewOwner","line":20,"loc":{"start":{"line":20,"column":4},"end":{"line":23,"column":4}}},"3":{"name":"acceptOwnership","line":25,"loc":{"start":{"line":25,"column":4},"end":{"line":30,"column":4}}},"4":{"name":"transferOwnershipAtInit","line":32,"loc":{"start":{"line":32,"column":4},"end":{"line":38,"column":4}}},"5":{"name":"onlyOwner","line":40,"loc":{"start":{"line":40,"column":4},"end":{"line":43,"column":4}}},"6":{"name":"_onlyOwner","line":45,"loc":{"start":{"line":45,"column":4},"end":{"line":47,"column":4}}}},"statementMap":{},"branchMap":{"1":{"line":13,"type":"if","locations":[{"start":{"line":13,"column":8},"end":{"line":13,"column":8}},{"start":{"line":13,"column":8},"end":{"line":13,"column":8}}]},"2":{"line":14,"type":"if","locations":[{"start":{"line":14,"column":8},"end":{"line":14,"column":8}},{"start":{"line":14,"column":8},"end":{"line":14,"column":8}}]},"3":{"line":26,"type":"if","locations":[{"start":{"line":26,"column":8},"end":{"line":26,"column":8}},{"start":{"line":26,"column":8},"end":{"line":26,"column":8}}]},"4":{"line":33,"type":"if","locations":[{"start":{"line":33,"column":8},"end":{"line":33,"column":8}},{"start":{"line":33,"column":8},"end":{"line":33,"column":8}}]},"5":{"line":34,"type":"if","locations":[{"start":{"line":34,"column":8},"end":{"line":34,"column":8}},{"start":{"line":34,"column":8},"end":{"line":34,"column":8}}]},"6":{"line":46,"type":"if","locations":[{"start":{"line":46,"column":8},"end":{"line":46,"column":8}},{"start":{"line":46,"column":8},"end":{"line":46,"column":8}}]}}},"contracts/utils/proxy/ProxyPausable.sol":{"l":{"22":1,"23":0,"27":1,"30":1,"31":1,"35":1,"41":145,"42":145},"path":"/Users/ajla/Thales/contracts/contracts/utils/proxy/ProxyPausable.sol","s":{},"b":{"1":[0,1],"2":[1,0],"3":[145,0]},"f":{"1":1,"2":145},"fnMap":{"1":{"name":"setPaused","line":20,"loc":{"start":{"line":20,"column":4},"end":{"line":36,"column":4}}},"2":{"name":"notPaused","line":40,"loc":{"start":{"line":40,"column":4},"end":{"line":43,"column":4}}}},"statementMap":{},"branchMap":{"1":{"line":22,"type":"if","locations":[{"start":{"line":22,"column":8},"end":{"line":22,"column":8}},{"start":{"line":22,"column":8},"end":{"line":22,"column":8}}]},"2":{"line":30,"type":"if","locations":[{"start":{"line":30,"column":8},"end":{"line":30,"column":8}},{"start":{"line":30,"column":8},"end":{"line":30,"column":8}}]},"3":{"line":41,"type":"if","locations":[{"start":{"line":41,"column":8},"end":{"line":41,"column":8}},{"start":{"line":41,"column":8},"end":{"line":41,"column":8}}]}}},"contracts/utils/proxy/ProxyReentrancyGuard.sol":{"l":{"23":223,"24":223,"25":223,"36":108,"37":108,"38":108,"39":64},"path":"/Users/ajla/Thales/contracts/contracts/utils/proxy/ProxyReentrancyGuard.sol","s":{},"b":{"1":[223,0],"2":[64,0]},"f":{"1":223,"2":108},"fnMap":{"1":{"name":"initNonReentrant","line":22,"loc":{"start":{"line":22,"column":4},"end":{"line":26,"column":4}}},"2":{"name":"nonReentrant","line":35,"loc":{"start":{"line":35,"column":4},"end":{"line":40,"column":4}}}},"statementMap":{},"branchMap":{"1":{"line":23,"type":"if","locations":[{"start":{"line":23,"column":8},"end":{"line":23,"column":8}},{"start":{"line":23,"column":8},"end":{"line":23,"column":8}}]},"2":{"line":39,"type":"if","locations":[{"start":{"line":39,"column":8},"end":{"line":39,"column":8}},{"start":{"line":39,"column":8},"end":{"line":39,"column":8}}]}}},"contracts/utils/proxy/solidity-0.8.0/ProxyOwned.sol":{"l":{"13":624,"14":624,"15":624,"16":624,"17":624,"21":0,"22":0,"26":0,"27":0,"28":0,"29":0,"33":0,"34":0,"35":0,"36":0,"37":0,"41":2843,"42":2816,"46":2843},"path":"/Users/ajla/Thales/contracts/contracts/utils/proxy/solidity-0.8.0/ProxyOwned.sol","s":{},"b":{"1":[624,0],"2":[624,0],"3":[0,0],"4":[0,0],"5":[0,0],"6":[2816,27]},"f":{"1":624,"2":0,"3":0,"4":0,"5":2843,"6":2843},"fnMap":{"1":{"name":"setOwner","line":12,"loc":{"start":{"line":12,"column":4},"end":{"line":18,"column":4}}},"2":{"name":"nominateNewOwner","line":20,"loc":{"start":{"line":20,"column":4},"end":{"line":23,"column":4}}},"3":{"name":"acceptOwnership","line":25,"loc":{"start":{"line":25,"column":4},"end":{"line":30,"column":4}}},"4":{"name":"transferOwnershipAtInit","line":32,"loc":{"start":{"line":32,"column":4},"end":{"line":38,"column":4}}},"5":{"name":"onlyOwner","line":40,"loc":{"start":{"line":40,"column":4},"end":{"line":43,"column":4}}},"6":{"name":"_onlyOwner","line":45,"loc":{"start":{"line":45,"column":4},"end":{"line":47,"column":4}}}},"statementMap":{},"branchMap":{"1":{"line":13,"type":"if","locations":[{"start":{"line":13,"column":8},"end":{"line":13,"column":8}},{"start":{"line":13,"column":8},"end":{"line":13,"column":8}}]},"2":{"line":14,"type":"if","locations":[{"start":{"line":14,"column":8},"end":{"line":14,"column":8}},{"start":{"line":14,"column":8},"end":{"line":14,"column":8}}]},"3":{"line":26,"type":"if","locations":[{"start":{"line":26,"column":8},"end":{"line":26,"column":8}},{"start":{"line":26,"column":8},"end":{"line":26,"column":8}}]},"4":{"line":33,"type":"if","locations":[{"start":{"line":33,"column":8},"end":{"line":33,"column":8}},{"start":{"line":33,"column":8},"end":{"line":33,"column":8}}]},"5":{"line":34,"type":"if","locations":[{"start":{"line":34,"column":8},"end":{"line":34,"column":8}},{"start":{"line":34,"column":8},"end":{"line":34,"column":8}}]},"6":{"line":46,"type":"if","locations":[{"start":{"line":46,"column":8},"end":{"line":46,"column":8}},{"start":{"line":46,"column":8},"end":{"line":46,"column":8}}]}}},"contracts/utils/proxy/solidity-0.8.0/ProxyPausable.sol":{"l":{"22":13,"23":1,"27":12,"30":12,"31":6,"35":12,"41":129,"42":123},"path":"/Users/ajla/Thales/contracts/contracts/utils/proxy/solidity-0.8.0/ProxyPausable.sol","s":{},"b":{"1":[1,12],"2":[6,6],"3":[123,6]},"f":{"1":13,"2":129},"fnMap":{"1":{"name":"setPaused","line":20,"loc":{"start":{"line":20,"column":4},"end":{"line":36,"column":4}}},"2":{"name":"notPaused","line":40,"loc":{"start":{"line":40,"column":4},"end":{"line":43,"column":4}}}},"statementMap":{},"branchMap":{"1":{"line":22,"type":"if","locations":[{"start":{"line":22,"column":8},"end":{"line":22,"column":8}},{"start":{"line":22,"column":8},"end":{"line":22,"column":8}}]},"2":{"line":30,"type":"if","locations":[{"start":{"line":30,"column":8},"end":{"line":30,"column":8}},{"start":{"line":30,"column":8},"end":{"line":30,"column":8}}]},"3":{"line":41,"type":"if","locations":[{"start":{"line":41,"column":8},"end":{"line":41,"column":8}},{"start":{"line":41,"column":8},"end":{"line":41,"column":8}}]}}},"contracts/utils/proxy/solidity-0.8.0/ProxyReentrancyGuard.sol":{"l":{"23":424,"24":424,"25":424,"36":433,"37":433,"38":433,"39":429},"path":"/Users/ajla/Thales/contracts/contracts/utils/proxy/solidity-0.8.0/ProxyReentrancyGuard.sol","s":{},"b":{"1":[424,0],"2":[429,0]},"f":{"1":424,"2":433},"fnMap":{"1":{"name":"initNonReentrant","line":22,"loc":{"start":{"line":22,"column":4},"end":{"line":26,"column":4}}},"2":{"name":"nonReentrant","line":35,"loc":{"start":{"line":35,"column":4},"end":{"line":40,"column":4}}}},"statementMap":{},"branchMap":{"1":{"line":23,"type":"if","locations":[{"start":{"line":23,"column":8},"end":{"line":23,"column":8}},{"start":{"line":23,"column":8},"end":{"line":23,"column":8}}]},"2":{"line":39,"type":"if","locations":[{"start":{"line":39,"column":8},"end":{"line":39,"column":8}},{"start":{"line":39,"column":8},"end":{"line":39,"column":8}}]}}},"contracts/utils/proxy/UpgradeabilityProxy.sol":{"l":{"31":2276,"32":2276,"42":222,"43":222,"53":226,"54":226,"55":222,"56":222},"path":"/Users/ajla/Thales/contracts/contracts/utils/proxy/UpgradeabilityProxy.sol","s":{},"b":{"1":[222,4]},"f":{"1":238,"2":2276,"3":222,"4":226},"fnMap":{"1":{"name":"constructor","line":24,"loc":{"start":{"line":24,"column":2},"end":{"line":24,"column":41}}},"2":{"name":"implementation","line":30,"loc":{"start":{"line":30,"column":2},"end":{"line":35,"column":2}}},"3":{"name":"setImplementation","line":41,"loc":{"start":{"line":41,"column":2},"end":{"line":46,"column":2}}},"4":{"name":"_upgradeTo","line":52,"loc":{"start":{"line":52,"column":2},"end":{"line":57,"column":2}}}},"statementMap":{},"branchMap":{"1":{"line":54,"type":"if","locations":[{"start":{"line":54,"column":4},"end":{"line":54,"column":4}},{"start":{"line":54,"column":4},"end":{"line":54,"column":4}}]}}},"contracts/utils/token/ExoticUSD.sol":{"l":{"18":0,"22":0,"26":0,"30":0,"34":0,"35":0,"36":0,"40":0,"48":0,"49":0,"53":0,"54":0,"58":0,"59":0,"60":0,"64":0,"65":0,"66":0},"path":"/Users/ajla/Thales/contracts/contracts/utils/token/ExoticUSD.sol","s":{},"b":{"1":[0,0],"2":[0,0],"3":[0,0]},"f":{"1":0,"2":0,"3":0,"4":0,"5":0,"6":0,"7":0,"8":0,"9":0,"10":0,"11":0},"fnMap":{"1":{"name":"name","line":17,"loc":{"start":{"line":17,"column":4},"end":{"line":19,"column":4}}},"2":{"name":"symbol","line":21,"loc":{"start":{"line":21,"column":4},"end":{"line":23,"column":4}}},"3":{"name":"decimals","line":25,"loc":{"start":{"line":25,"column":4},"end":{"line":27,"column":4}}},"4":{"name":"constructor","line":29,"loc":{"start":{"line":29,"column":4},"end":{"line":31,"column":4}}},"5":{"name":"mintForUser","line":33,"loc":{"start":{"line":33,"column":4},"end":{"line":37,"column":4}}},"6":{"name":"sendEthToUser","line":39,"loc":{"start":{"line":39,"column":4},"end":{"line":41,"column":4}}},"7":{"name":null,"line":45,"loc":{"start":{"line":45,"column":4},"end":{"line":45,"column":33}}},"8":{"name":"setName","line":47,"loc":{"start":{"line":47,"column":4},"end":{"line":50,"column":4}}},"9":{"name":"setSymbol","line":52,"loc":{"start":{"line":52,"column":4},"end":{"line":55,"column":4}}},"10":{"name":"setDefaultAmount","line":57,"loc":{"start":{"line":57,"column":4},"end":{"line":61,"column":4}}},"11":{"name":"setPaused","line":63,"loc":{"start":{"line":63,"column":4},"end":{"line":67,"column":4}}}},"statementMap":{},"branchMap":{"1":{"line":34,"type":"if","locations":[{"start":{"line":34,"column":8},"end":{"line":34,"column":8}},{"start":{"line":34,"column":8},"end":{"line":34,"column":8}}]},"2":{"line":58,"type":"if","locations":[{"start":{"line":58,"column":8},"end":{"line":58,"column":8}},{"start":{"line":58,"column":8},"end":{"line":58,"column":8}}]},"3":{"line":64,"type":"if","locations":[{"start":{"line":64,"column":8},"end":{"line":64,"column":8}},{"start":{"line":64,"column":8},"end":{"line":64,"column":8}}]}}}}