{"contracts\\BinaryOption.sol":{"l":{"45":64,"46":64,"47":64,"48":64,"49":64,"55":134,"56":132,"60":134,"61":132,"62":132,"64":132,"65":132,"70":15,"72":15,"73":0,"76":15,"77":15,"79":15,"80":15,"86":12,"96":3,"97":1,"99":1,"100":1,"102":1,"103":1,"105":1,"106":1,"110":3,"118":0,"119":0,"121":0,"122":0,"126":0,"127":0,"128":0,"129":0,"135":161,"136":161},"path":"C:\\thales\\contracts\\contracts\\BinaryOption.sol","s":{},"b":{"1":[64,0],"2":[132,2],"3":[0,15],"4":[1,0],"5":[1,0],"6":[0,0],"7":[0,0],"8":[161,0]},"f":{"1":64,"2":134,"3":134,"4":15,"5":12,"6":3,"7":3,"8":0,"9":0,"10":161},"fnMap":{"1":{"name":"initialize","line":41,"loc":{"start":{"line":41,"column":4},"end":{"line":50,"column":4}}},"2":{"name":"_requireMinimumAmount","line":54,"loc":{"start":{"line":54,"column":4},"end":{"line":57,"column":4}}},"3":{"name":"mint","line":59,"loc":{"start":{"line":59,"column":4},"end":{"line":66,"column":4}}},"4":{"name":"exercise","line":69,"loc":{"start":{"line":69,"column":4},"end":{"line":81,"column":4}}},"5":{"name":"expire","line":85,"loc":{"start":{"line":85,"column":4},"end":{"line":87,"column":4}}},"6":{"name":"_transfer","line":91,"loc":{"start":{"line":91,"column":4},"end":{"line":107,"column":4}}},"7":{"name":"transfer","line":109,"loc":{"start":{"line":109,"column":4},"end":{"line":111,"column":4}}},"8":{"name":"transferFrom","line":113,"loc":{"start":{"line":113,"column":4},"end":{"line":123,"column":4}}},"9":{"name":"approve","line":125,"loc":{"start":{"line":125,"column":4},"end":{"line":130,"column":4}}},"10":{"name":"onlyMarket","line":134,"loc":{"start":{"line":134,"column":4},"end":{"line":137,"column":4}}}},"statementMap":{},"branchMap":{"1":{"line":45,"type":"if","locations":[{"start":{"line":45,"column":8},"end":{"line":45,"column":8}},{"start":{"line":45,"column":8},"end":{"line":45,"column":8}}]},"2":{"line":55,"type":"if","locations":[{"start":{"line":55,"column":8},"end":{"line":55,"column":8}},{"start":{"line":55,"column":8},"end":{"line":55,"column":8}}]},"3":{"line":72,"type":"if","locations":[{"start":{"line":72,"column":8},"end":{"line":72,"column":8}},{"start":{"line":72,"column":8},"end":{"line":72,"column":8}}]},"4":{"line":97,"type":"if","locations":[{"start":{"line":97,"column":8},"end":{"line":97,"column":8}},{"start":{"line":97,"column":8},"end":{"line":97,"column":8}}]},"5":{"line":100,"type":"if","locations":[{"start":{"line":100,"column":8},"end":{"line":100,"column":8}},{"start":{"line":100,"column":8},"end":{"line":100,"column":8}}]},"6":{"line":119,"type":"if","locations":[{"start":{"line":119,"column":8},"end":{"line":119,"column":8}},{"start":{"line":119,"column":8},"end":{"line":119,"column":8}}]},"7":{"line":126,"type":"if","locations":[{"start":{"line":126,"column":8},"end":{"line":126,"column":8}},{"start":{"line":126,"column":8},"end":{"line":126,"column":8}}]},"8":{"line":135,"type":"if","locations":[{"start":{"line":135,"column":8},"end":{"line":135,"column":8}},{"start":{"line":135,"column":8},"end":{"line":135,"column":8}}]}}},"contracts\\BinaryOptionMarket.sol":{"l":{"79":32,"80":32,"81":32,"82":32,"83":32,"85":32,"86":32,"88":32,"89":32,"91":32,"92":32,"93":32,"96":32,"97":32,"100":32,"101":32,"102":32,"111":35,"115":35,"119":185,"125":85,"129":16,"133":5,"134":1,"136":4,"137":2,"139":2,"145":35,"149":3,"153":28,"154":28,"158":5,"159":5,"163":38,"164":38,"165":36,"167":2,"170":38,"174":7,"180":10,"184":0,"188":2,"198":8,"199":8,"201":0,"205":0,"206":0,"208":0,"213":0,"217":34,"218":34,"219":34,"223":35,"224":35,"225":35,"229":30,"233":3,"241":37,"242":1,"245":36,"247":36,"249":34,"250":32,"254":68,"255":66,"257":66,"258":66,"264":25,"268":25,"269":25,"271":23,"272":23,"277":23,"279":23,"280":23,"281":23,"282":23,"283":23,"284":23,"286":23,"294":10,"295":3,"299":10,"300":10,"303":8,"304":8,"306":8,"307":7,"311":8,"312":8,"313":8,"314":8,"315":6,"317":6,"323":6,"324":6,"325":4,"330":6,"331":6,"332":6,"333":4,"337":6,"338":6,"339":6,"343":12,"344":6,"350":37,"351":37,"355":39,"356":37,"360":27,"361":25},"path":"C:\\thales\\contracts\\contracts\\BinaryOptionMarket.sol","s":{},"b":{"1":[32,0],"2":[1,4],"3":[2,2],"4":[36,2],"5":[8,0],"6":[0,0],"7":[26,4],"8":[1,36],"9":[25,0],"10":[23,2],"11":[3,7],"12":[8,2],"13":[8,0],"14":[7,1],"15":[8,0],"16":[4,2],"17":[4,2],"18":[6,6],"19":[37,0],"20":[37,2]},"f":{"1":32,"2":35,"3":35,"4":185,"5":85,"6":16,"7":5,"8":35,"9":3,"10":28,"11":5,"12":38,"13":7,"14":10,"15":0,"16":2,"17":8,"18":0,"19":0,"20":34,"21":35,"22":30,"23":3,"24":37,"25":68,"26":25,"27":10,"28":6,"29":12,"30":37,"31":39,"32":27},"fnMap":{"1":{"name":"initialize","line":68,"loc":{"start":{"line":68,"column":4},"end":{"line":106,"column":4}}},"2":{"name":"_exchangeRates","line":110,"loc":{"start":{"line":110,"column":4},"end":{"line":112,"column":4}}},"3":{"name":"_sUSD","line":114,"loc":{"start":{"line":114,"column":4},"end":{"line":116,"column":4}}},"4":{"name":"_manager","line":118,"loc":{"start":{"line":118,"column":4},"end":{"line":120,"column":4}}},"5":{"name":"_matured","line":124,"loc":{"start":{"line":124,"column":4},"end":{"line":126,"column":4}}},"6":{"name":"_expired","line":128,"loc":{"start":{"line":128,"column":4},"end":{"line":130,"column":4}}},"7":{"name":"phase","line":132,"loc":{"start":{"line":132,"column":4},"end":{"line":140,"column":4}}},"8":{"name":"_oraclePriceAndTimestamp","line":144,"loc":{"start":{"line":144,"column":4},"end":{"line":146,"column":4}}},"9":{"name":"oraclePriceAndTimestamp","line":148,"loc":{"start":{"line":148,"column":4},"end":{"line":150,"column":4}}},"10":{"name":"_isFreshPriceUpdateTime","line":152,"loc":{"start":{"line":152,"column":4},"end":{"line":155,"column":4}}},"11":{"name":"canResolve","line":157,"loc":{"start":{"line":157,"column":4},"end":{"line":160,"column":4}}},"12":{"name":"_result","line":162,"loc":{"start":{"line":162,"column":4},"end":{"line":171,"column":4}}},"13":{"name":"result","line":173,"loc":{"start":{"line":173,"column":4},"end":{"line":175,"column":4}}},"14":{"name":"_balancesOf","line":179,"loc":{"start":{"line":179,"column":4},"end":{"line":181,"column":4}}},"15":{"name":"balancesOf","line":183,"loc":{"start":{"line":183,"column":4},"end":{"line":185,"column":4}}},"16":{"name":"totalSupplies","line":187,"loc":{"start":{"line":187,"column":4},"end":{"line":189,"column":4}}},"17":{"name":"_chooseSide","line":193,"loc":{"start":{"line":193,"column":4},"end":{"line":202,"column":4}}},"18":{"name":"_option","line":204,"loc":{"start":{"line":204,"column":4},"end":{"line":209,"column":4}}},"19":{"name":"_subToZero","line":212,"loc":{"start":{"line":212,"column":4},"end":{"line":214,"column":4}}},"20":{"name":"_incrementDeposited","line":216,"loc":{"start":{"line":216,"column":4},"end":{"line":220,"column":4}}},"21":{"name":"_decrementDeposited","line":222,"loc":{"start":{"line":222,"column":4},"end":{"line":226,"column":4}}},"22":{"name":"_requireManagerNotPaused","line":228,"loc":{"start":{"line":228,"column":4},"end":{"line":230,"column":4}}},"23":{"name":"requireUnpaused","line":232,"loc":{"start":{"line":232,"column":4},"end":{"line":234,"column":4}}},"24":{"name":"mint","line":240,"loc":{"start":{"line":240,"column":4},"end":{"line":251,"column":4}}},"25":{"name":"_mint","line":253,"loc":{"start":{"line":253,"column":4},"end":{"line":259,"column":4}}},"26":{"name":"resolve","line":263,"loc":{"start":{"line":263,"column":4},"end":{"line":287,"column":4}}},"27":{"name":"exerciseOptions","line":291,"loc":{"start":{"line":291,"column":4},"end":{"line":318,"column":4}}},"28":{"name":"_selfDestruct","line":322,"loc":{"start":{"line":322,"column":4},"end":{"line":340,"column":4}}},"29":{"name":"expire","line":342,"loc":{"start":{"line":342,"column":4},"end":{"line":345,"column":4}}},"30":{"name":"duringMinting","line":349,"loc":{"start":{"line":349,"column":4},"end":{"line":352,"column":4}}},"31":{"name":"afterMaturity","line":354,"loc":{"start":{"line":354,"column":4},"end":{"line":357,"column":4}}},"32":{"name":"managerNotPaused","line":359,"loc":{"start":{"line":359,"column":4},"end":{"line":362,"column":4}}}},"statementMap":{},"branchMap":{"1":{"line":79,"type":"if","locations":[{"start":{"line":79,"column":8},"end":{"line":79,"column":8}},{"start":{"line":79,"column":8},"end":{"line":79,"column":8}}]},"2":{"line":133,"type":"if","locations":[{"start":{"line":133,"column":8},"end":{"line":133,"column":8}},{"start":{"line":133,"column":8},"end":{"line":133,"column":8}}]},"3":{"line":136,"type":"if","locations":[{"start":{"line":136,"column":8},"end":{"line":136,"column":8}},{"start":{"line":136,"column":8},"end":{"line":136,"column":8}}]},"4":{"line":164,"type":"if","locations":[{"start":{"line":164,"column":8},"end":{"line":164,"column":8}},{"start":{"line":164,"column":8},"end":{"line":164,"column":8}}]},"5":{"line":198,"type":"if","locations":[{"start":{"line":198,"column":8},"end":{"line":198,"column":8}},{"start":{"line":198,"column":8},"end":{"line":198,"column":8}}]},"6":{"line":205,"type":"if","locations":[{"start":{"line":205,"column":8},"end":{"line":205,"column":8}},{"start":{"line":205,"column":8},"end":{"line":205,"column":8}}]},"7":{"line":229,"type":"if","locations":[{"start":{"line":229,"column":8},"end":{"line":229,"column":8}},{"start":{"line":229,"column":8},"end":{"line":229,"column":8}}]},"8":{"line":241,"type":"if","locations":[{"start":{"line":241,"column":8},"end":{"line":241,"column":8}},{"start":{"line":241,"column":8},"end":{"line":241,"column":8}}]},"9":{"line":264,"type":"if","locations":[{"start":{"line":264,"column":8},"end":{"line":264,"column":8}},{"start":{"line":264,"column":8},"end":{"line":264,"column":8}}]},"10":{"line":269,"type":"if","locations":[{"start":{"line":269,"column":8},"end":{"line":269,"column":8}},{"start":{"line":269,"column":8},"end":{"line":269,"column":8}}]},"11":{"line":294,"type":"if","locations":[{"start":{"line":294,"column":8},"end":{"line":294,"column":8}},{"start":{"line":294,"column":8},"end":{"line":294,"column":8}}]},"12":{"line":300,"type":"if","locations":[{"start":{"line":300,"column":8},"end":{"line":300,"column":8}},{"start":{"line":300,"column":8},"end":{"line":300,"column":8}}]},"13":{"line":303,"type":"if","locations":[{"start":{"line":303,"column":8},"end":{"line":303,"column":8}},{"start":{"line":303,"column":8},"end":{"line":303,"column":8}}]},"14":{"line":306,"type":"if","locations":[{"start":{"line":306,"column":8},"end":{"line":306,"column":8}},{"start":{"line":306,"column":8},"end":{"line":306,"column":8}}]},"15":{"line":313,"type":"if","locations":[{"start":{"line":313,"column":8},"end":{"line":313,"column":8}},{"start":{"line":313,"column":8},"end":{"line":313,"column":8}}]},"16":{"line":324,"type":"if","locations":[{"start":{"line":324,"column":8},"end":{"line":324,"column":8}},{"start":{"line":324,"column":8},"end":{"line":324,"column":8}}]},"17":{"line":332,"type":"if","locations":[{"start":{"line":332,"column":8},"end":{"line":332,"column":8}},{"start":{"line":332,"column":8},"end":{"line":332,"column":8}}]},"18":{"line":343,"type":"if","locations":[{"start":{"line":343,"column":8},"end":{"line":343,"column":8}},{"start":{"line":343,"column":8},"end":{"line":343,"column":8}}]},"19":{"line":350,"type":"if","locations":[{"start":{"line":350,"column":8},"end":{"line":350,"column":8}},{"start":{"line":350,"column":8},"end":{"line":350,"column":8}}]},"20":{"line":355,"type":"if","locations":[{"start":{"line":355,"column":8},"end":{"line":355,"column":8}},{"start":{"line":355,"column":8},"end":{"line":355,"column":8}}]}}},"contracts\\BinaryOptionMarketFactory.sol":{"l":{"32":72,"34":32,"38":32,"49":32,"54":1,"58":1,"62":1},"path":"C:\\thales\\contracts\\contracts\\BinaryOptionMarketFactory.sol","s":{},"b":{"1":[32,40]},"f":{"1":1,"2":72,"3":1,"4":1,"5":1},"fnMap":{"1":{"name":"constructor","line":19,"loc":{"start":{"line":19,"column":4},"end":{"line":19,"column":76}}},"2":{"name":"createMarket","line":23,"loc":{"start":{"line":23,"column":4},"end":{"line":50,"column":4}}},"3":{"name":"setBinaryOptionMarketManager","line":53,"loc":{"start":{"line":53,"column":4},"end":{"line":55,"column":4}}},"4":{"name":"setBinaryOptionMarketMastercopy","line":57,"loc":{"start":{"line":57,"column":4},"end":{"line":59,"column":4}}},"5":{"name":"setBinaryOptionMastercopy","line":61,"loc":{"start":{"line":61,"column":4},"end":{"line":63,"column":4}}}},"statementMap":{},"branchMap":{"1":{"line":32,"type":"if","locations":[{"start":{"line":32,"column":8},"end":{"line":32,"column":8}},{"start":{"line":32,"column":8},"end":{"line":32,"column":8}}]}}},"contracts\\BinaryOptionMarketManager.sol":{"l":{"77":1,"80":1,"82":1,"83":1,"84":1,"85":1,"86":1,"87":1,"88":1,"89":1,"94":1,"98":1,"106":64,"110":46,"116":67,"120":1,"124":1,"128":1,"132":1,"136":46,"139":46,"141":44,"142":2,"146":42,"147":42,"148":2,"151":40,"154":2,"162":3,"163":3,"167":3,"168":3,"172":3,"173":3,"177":8,"178":8,"179":6,"180":4,"181":4,"185":9,"186":9,"187":7,"188":5,"189":5,"193":3,"194":3,"200":32,"207":33,"224":48,"225":46,"227":40,"228":38,"230":38,"235":36,"237":32,"247":32,"251":32,"252":32,"254":32,"255":32,"260":32,"261":32,"265":33,"266":29,"267":23,"268":23,"272":13,"273":14,"276":14,"279":6,"280":6,"285":5,"286":4,"287":4,"292":0,"300":0,"301":0,"302":0,"304":0,"306":0,"307":0,"308":0,"309":0,"312":0,"313":0,"316":0,"319":0,"320":0,"323":0,"327":0,"329":0,"330":0,"331":0,"333":0,"335":0,"336":0,"337":0,"338":0,"340":0,"341":0,"343":0,"345":0,"346":0,"352":34,"353":34,"357":35,"358":35},"path":"C:\\thales\\contracts\\contracts\\BinaryOptionMarketManager.sol","s":{},"b":{"1":[44,2],"2":[2,42],"3":[2,40],"4":[6,2],"5":[4,2],"6":[7,2],"7":[5,2],"8":[46,2],"9":[40,6],"10":[38,2],"11":[36,2],"12":[32,4],"13":[32,0],"14":[29,4],"15":[4,1],"16":[0,0],"17":[0,0],"18":[0,0],"19":[0,0],"20":[0,0],"21":[34,0],"22":[35,0]},"f":{"1":1,"2":1,"3":1,"4":64,"5":46,"6":67,"7":1,"8":1,"9":1,"10":1,"11":46,"12":3,"13":3,"14":3,"15":8,"16":9,"17":3,"18":32,"19":33,"20":48,"21":32,"22":33,"23":13,"24":5,"25":0,"26":0,"27":0,"28":34,"29":35},"fnMap":{"1":{"name":"constructor","line":76,"loc":{"start":{"line":66,"column":4},"end":{"line":90,"column":4}}},"2":{"name":"setBinaryOptionsMarketFactory","line":93,"loc":{"start":{"line":93,"column":4},"end":{"line":95,"column":4}}},"3":{"name":"setFeeAddress","line":97,"loc":{"start":{"line":97,"column":4},"end":{"line":99,"column":4}}},"4":{"name":"_sUSD","line":105,"loc":{"start":{"line":105,"column":4},"end":{"line":107,"column":4}}},"5":{"name":"_exchangeRates","line":109,"loc":{"start":{"line":109,"column":4},"end":{"line":111,"column":4}}},"6":{"name":"_isKnownMarket","line":115,"loc":{"start":{"line":115,"column":4},"end":{"line":117,"column":4}}},"7":{"name":"numActiveMarkets","line":119,"loc":{"start":{"line":119,"column":4},"end":{"line":121,"column":4}}},"8":{"name":"activeMarkets","line":123,"loc":{"start":{"line":123,"column":4},"end":{"line":125,"column":4}}},"9":{"name":"numMaturedMarkets","line":127,"loc":{"start":{"line":127,"column":4},"end":{"line":129,"column":4}}},"10":{"name":"maturedMarkets","line":131,"loc":{"start":{"line":131,"column":4},"end":{"line":133,"column":4}}},"11":{"name":"_isValidKey","line":135,"loc":{"start":{"line":135,"column":4},"end":{"line":155,"column":4}}},"12":{"name":"setMaxOraclePriceAge","line":161,"loc":{"start":{"line":161,"column":4},"end":{"line":164,"column":4}}},"13":{"name":"setExpiryDuration","line":166,"loc":{"start":{"line":166,"column":4},"end":{"line":169,"column":4}}},"14":{"name":"setMaxTimeToMaturity","line":171,"loc":{"start":{"line":171,"column":4},"end":{"line":174,"column":4}}},"15":{"name":"setPoolFee","line":176,"loc":{"start":{"line":176,"column":4},"end":{"line":182,"column":4}}},"16":{"name":"setCreatorFee","line":184,"loc":{"start":{"line":184,"column":4},"end":{"line":190,"column":4}}},"17":{"name":"setCreatorCapitalRequirement","line":192,"loc":{"start":{"line":192,"column":4},"end":{"line":195,"column":4}}},"18":{"name":"incrementTotalDeposited","line":199,"loc":{"start":{"line":199,"column":4},"end":{"line":201,"column":4}}},"19":{"name":"decrementTotalDeposited","line":203,"loc":{"start":{"line":203,"column":4},"end":{"line":208,"column":4}}},"20":{"name":"createMarket","line":219,"loc":{"start":{"line":212,"column":4},"end":{"line":256,"column":4}}},"21":{"name":"transferSusdTo","line":258,"loc":{"start":{"line":258,"column":4},"end":{"line":262,"column":4}}},"22":{"name":"resolveMarket","line":264,"loc":{"start":{"line":264,"column":4},"end":{"line":269,"column":4}}},"23":{"name":"expireMarkets","line":271,"loc":{"start":{"line":271,"column":4},"end":{"line":282,"column":4}}},"24":{"name":"setMarketCreationEnabled","line":284,"loc":{"start":{"line":284,"column":4},"end":{"line":289,"column":4}}},"25":{"name":"setMigratingManager","line":291,"loc":{"start":{"line":291,"column":4},"end":{"line":293,"column":4}}},"26":{"name":"migrateMarkets","line":299,"loc":{"start":{"line":295,"column":4},"end":{"line":324,"column":4}}},"27":{"name":"receiveMarkets","line":326,"loc":{"start":{"line":326,"column":4},"end":{"line":347,"column":4}}},"28":{"name":"onlyActiveMarkets","line":351,"loc":{"start":{"line":351,"column":4},"end":{"line":354,"column":4}}},"29":{"name":"onlyKnownMarkets","line":356,"loc":{"start":{"line":356,"column":4},"end":{"line":359,"column":4}}}},"statementMap":{},"branchMap":{"1":{"line":139,"type":"if","locations":[{"start":{"line":139,"column":8},"end":{"line":139,"column":8}},{"start":{"line":139,"column":8},"end":{"line":139,"column":8}}]},"2":{"line":141,"type":"if","locations":[{"start":{"line":141,"column":12},"end":{"line":141,"column":12}},{"start":{"line":141,"column":12},"end":{"line":141,"column":12}}]},"3":{"line":147,"type":"if","locations":[{"start":{"line":147,"column":12},"end":{"line":147,"column":12}},{"start":{"line":147,"column":12},"end":{"line":147,"column":12}}]},"4":{"line":178,"type":"if","locations":[{"start":{"line":178,"column":8},"end":{"line":178,"column":8}},{"start":{"line":178,"column":8},"end":{"line":178,"column":8}}]},"5":{"line":179,"type":"if","locations":[{"start":{"line":179,"column":8},"end":{"line":179,"column":8}},{"start":{"line":179,"column":8},"end":{"line":179,"column":8}}]},"6":{"line":186,"type":"if","locations":[{"start":{"line":186,"column":8},"end":{"line":186,"column":8}},{"start":{"line":186,"column":8},"end":{"line":186,"column":8}}]},"7":{"line":187,"type":"if","locations":[{"start":{"line":187,"column":8},"end":{"line":187,"column":8}},{"start":{"line":187,"column":8},"end":{"line":187,"column":8}}]},"8":{"line":224,"type":"if","locations":[{"start":{"line":224,"column":8},"end":{"line":224,"column":8}},{"start":{"line":224,"column":8},"end":{"line":224,"column":8}}]},"9":{"line":225,"type":"if","locations":[{"start":{"line":225,"column":8},"end":{"line":225,"column":8}},{"start":{"line":225,"column":8},"end":{"line":225,"column":8}}]},"10":{"line":227,"type":"if","locations":[{"start":{"line":227,"column":8},"end":{"line":227,"column":8}},{"start":{"line":227,"column":8},"end":{"line":227,"column":8}}]},"11":{"line":230,"type":"if","locations":[{"start":{"line":230,"column":8},"end":{"line":230,"column":8}},{"start":{"line":230,"column":8},"end":{"line":230,"column":8}}]},"12":{"line":235,"type":"if","locations":[{"start":{"line":235,"column":8},"end":{"line":235,"column":8}},{"start":{"line":235,"column":8},"end":{"line":235,"column":8}}]},"13":{"line":260,"type":"if","locations":[{"start":{"line":260,"column":8},"end":{"line":260,"column":8}},{"start":{"line":260,"column":8},"end":{"line":260,"column":8}}]},"14":{"line":265,"type":"if","locations":[{"start":{"line":265,"column":8},"end":{"line":265,"column":8}},{"start":{"line":265,"column":8},"end":{"line":265,"column":8}}]},"15":{"line":285,"type":"if","locations":[{"start":{"line":285,"column":8},"end":{"line":285,"column":8}},{"start":{"line":285,"column":8},"end":{"line":285,"column":8}}]},"16":{"line":301,"type":"if","locations":[{"start":{"line":301,"column":8},"end":{"line":301,"column":8}},{"start":{"line":301,"column":8},"end":{"line":301,"column":8}}]},"17":{"line":309,"type":"if","locations":[{"start":{"line":309,"column":12},"end":{"line":309,"column":12}},{"start":{"line":309,"column":12},"end":{"line":309,"column":12}}]},"18":{"line":327,"type":"if","locations":[{"start":{"line":327,"column":8},"end":{"line":327,"column":8}},{"start":{"line":327,"column":8},"end":{"line":327,"column":8}}]},"19":{"line":330,"type":"if","locations":[{"start":{"line":330,"column":8},"end":{"line":330,"column":8}},{"start":{"line":330,"column":8},"end":{"line":330,"column":8}}]},"20":{"line":338,"type":"if","locations":[{"start":{"line":338,"column":12},"end":{"line":338,"column":12}},{"start":{"line":338,"column":12},"end":{"line":338,"column":12}}]},"21":{"line":352,"type":"if","locations":[{"start":{"line":352,"column":8},"end":{"line":352,"column":8}},{"start":{"line":352,"column":8},"end":{"line":352,"column":8}}]},"22":{"line":357,"type":"if","locations":[{"start":{"line":357,"column":8},"end":{"line":357,"column":8}},{"start":{"line":357,"column":8},"end":{"line":357,"column":8}}]}}},"contracts\\interfaces\\IBinaryOption.sol":{"l":{},"path":"C:\\thales\\contracts\\contracts\\interfaces\\IBinaryOption.sol","s":{},"b":{},"f":{},"fnMap":{},"statementMap":{},"branchMap":{}},"contracts\\interfaces\\IBinaryOptionMarket.sol":{"l":{},"path":"C:\\thales\\contracts\\contracts\\interfaces\\IBinaryOptionMarket.sol","s":{},"b":{},"f":{},"fnMap":{},"statementMap":{},"branchMap":{}},"contracts\\interfaces\\IBinaryOptionMarketManager.sol":{"l":{},"path":"C:\\thales\\contracts\\contracts\\interfaces\\IBinaryOptionMarketManager.sol","s":{},"b":{},"f":{},"fnMap":{},"statementMap":{},"branchMap":{}}}